[ 2016-05-16T19:25:14+08:00 ] 127.0.0.1 /
INFO: [ app_init ] --START--
INFO: Run Behavior\BuildLiteBehavior [ RunTime:0.000041s ]
INFO: [ app_init ] --END-- [ RunTime:0.074497s ]
INFO: [ app_begin ] --START--
INFO: Run Behavior\ReadHtmlCacheBehavior [ RunTime:0.027264s ]
INFO: [ app_begin ] --END-- [ RunTime:0.027385s ]
NOTIC: [8] Undefined index: username E:\WNMP\WWW\wenwanhui\Application\Home\Controller\CommonController.class.php 第 21 行.
SQL: SHOW COLUMNS FROM `product` [ RunTime:0.0254s ]
NOTIC: [2] Invalid argument supplied for foreach() E:\WNMP\WWW\wenwanhui\ThinkPHP\Library\Think\Db\Driver.class.php 第 504 行.
SQL: SELECT * FROM `product` ORDER BY date LIMIT 4   [ RunTime:0.0007s ]
INFO: [ view_parse ] --START--
NOTIC: [2] file_get_contents(./Application/Home/View/Index/left.html): failed to open stream: No such file or directory E:\WNMP\WWW\wenwanhui\ThinkPHP\Library\Think\Template.class.php 第 696 行.
NOTIC: [2] file_get_contents(./Application/Home/View/Index/right.html): failed to open stream: No such file or directory E:\WNMP\WWW\wenwanhui\ThinkPHP\Library\Think\Template.class.php 第 696 行.
INFO: [ template_filter ] --START--
INFO: Run Behavior\ContentReplaceBehavior [ RunTime:0.000971s ]
INFO: [ template_filter ] --END-- [ RunTime:0.001053s ]
INFO: Run Behavior\ParseTemplateBehavior [ RunTime:0.222726s ]
INFO: [ view_parse ] --END-- [ RunTime:0.222875s ]
INFO: [ view_filter ] --START--
INFO: Run Behavior\WriteHtmlCacheBehavior [ RunTime:0.008669s ]
INFO: [ view_filter ] --END-- [ RunTime:0.008764s ]
INFO: [ app_end ] --START--
INFO: Run Behavior\ShowPageTraceBehavior [ RunTime:0.047670s ]
INFO: [ app_end ] --END-- [ RunTime:0.047830s ]

[ 2016-05-16T19:25:17+08:00 ] 127.0.0.1 /favicon.ico
INFO: [ app_init ] --START--
INFO: Run Behavior\BuildLiteBehavior [ RunTime:0.000034s ]
INFO: [ app_init ] --END-- [ RunTime:0.000888s ]

[ 2016-05-16T19:25:17+08:00 ] 127.0.0.1 /favicon.ico
INFO: [ app_init ] --START--
INFO: Run Behavior\BuildLiteBehavior [ RunTime:0.000019s ]
INFO: [ app_init ] --END-- [ RunTime:0.000496s ]

[ 2016-05-16T19:25:58+08:00 ] 127.0.0.1 /Home/Index/category.shtml
INFO: [ app_init ] --START--
INFO: Run Behavior\BuildLiteBehavior [ RunTime:0.000016s ]
INFO: [ app_init ] --END-- [ RunTime:0.000502s ]
INFO: [ app_begin ] --START--
INFO: Run Behavior\ReadHtmlCacheBehavior [ RunTime:0.000514s ]
INFO: [ app_begin ] --END-- [ RunTime:0.000578s ]
NOTIC: [8] Undefined index: username E:\WNMP\WWW\wenwanhui\Application\Home\Controller\CommonController.class.php 第 21 行.
SQL: SHOW COLUMNS FROM `category` [ RunTime:0.0992s ]
NOTIC: [2] Invalid argument supplied for foreach() E:\WNMP\WWW\wenwanhui\ThinkPHP\Library\Think\Db\Driver.class.php 第 504 行.
SQL: SELECT * FROM `category`  [ RunTime:0.0004s ]
SQL: SHOW COLUMNS FROM `product` [ RunTime:0.0046s ]
SQL: SELECT * FROM `product` left JOIN category ON product.cid =  category.cid  WHERE ( category.cid = "1" )  [ RunTime:0.0008s ]
SQL: SELECT * FROM `product` left JOIN category ON product.cid =  category.cid  WHERE ( category.cid = "2" )  [ RunTime:0.0008s ]
SQL: SELECT * FROM `product` left JOIN category ON product.cid =  category.cid  WHERE ( category.cid = "3" )  [ RunTime:0.0012s ]
SQL: SELECT * FROM `product` left JOIN category ON product.cid =  category.cid  WHERE ( category.cid = "4" )  [ RunTime:0.0013s ]
SQL: SELECT * FROM `product` WHERE ( cid = 1 )  [ RunTime:0.0015s ]
SQL: SELECT * FROM `product` WHERE ( cid = 2 )  [ RunTime:0.0012s ]
SQL: SELECT * FROM `product` WHERE ( cid = 3 )  [ RunTime:0.0010s ]
INFO: [ view_parse ] --START--
NOTIC: [2] file_get_contents(./Application/Home/View/Index/left.html): failed to open stream: No such file or directory E:\WNMP\WWW\wenwanhui\ThinkPHP\Library\Think\Template.class.php 第 696 行.
NOTIC: [2] file_get_contents(./Application/Home/View/Index/right.html): failed to open stream: No such file or directory E:\WNMP\WWW\wenwanhui\ThinkPHP\Library\Think\Template.class.php 第 696 行.
INFO: [ template_filter ] --START--
INFO: Run Behavior\ContentReplaceBehavior [ RunTime:0.043777s ]
INFO: [ template_filter ] --END-- [ RunTime:0.043890s ]
NOTIC: [8] Undefined index: title E:\WNMP\WWW\wenwanhui\Application\Runtime\Cache\Home\d9c3fe725e8a3807a83c0451c141ea99.php 第 95 行.
NOTIC: [8] Undefined index: price E:\WNMP\WWW\wenwanhui\Application\Runtime\Cache\Home\d9c3fe725e8a3807a83c0451c141ea99.php 第 96 行.
NOTIC: [8] Undefined index: count E:\WNMP\WWW\wenwanhui\Application\Runtime\Cache\Home\d9c3fe725e8a3807a83c0451c141ea99.php 第 97 行.
NOTIC: [8] Undefined index: title E:\WNMP\WWW\wenwanhui\Application\Runtime\Cache\Home\d9c3fe725e8a3807a83c0451c141ea99.php 第 95 行.
NOTIC: [8] Undefined index: price E:\WNMP\WWW\wenwanhui\Application\Runtime\Cache\Home\d9c3fe725e8a3807a83c0451c141ea99.php 第 96 行.
NOTIC: [8] Undefined index: count E:\WNMP\WWW\wenwanhui\Application\Runtime\Cache\Home\d9c3fe725e8a3807a83c0451c141ea99.php 第 97 行.
NOTIC: [8] Undefined index: title E:\WNMP\WWW\wenwanhui\Application\Runtime\Cache\Home\d9c3fe725e8a3807a83c0451c141ea99.php 第 95 行.
NOTIC: [8] Undefined index: price E:\WNMP\WWW\wenwanhui\Application\Runtime\Cache\Home\d9c3fe725e8a3807a83c0451c141ea99.php 第 96 行.
NOTIC: [8] Undefined index: count E:\WNMP\WWW\wenwanhui\Application\Runtime\Cache\Home\d9c3fe725e8a3807a83c0451c141ea99.php 第 97 行.
NOTIC: [8] Undefined index: title E:\WNMP\WWW\wenwanhui\Application\Runtime\Cache\Home\d9c3fe725e8a3807a83c0451c141ea99.php 第 95 行.
NOTIC: [8] Undefined index: price E:\WNMP\WWW\wenwanhui\Application\Runtime\Cache\Home\d9c3fe725e8a3807a83c0451c141ea99.php 第 96 行.
NOTIC: [8] Undefined index: count E:\WNMP\WWW\wenwanhui\Application\Runtime\Cache\Home\d9c3fe725e8a3807a83c0451c141ea99.php 第 97 行.
NOTIC: [8] Undefined index: title E:\WNMP\WWW\wenwanhui\Application\Runtime\Cache\Home\d9c3fe725e8a3807a83c0451c141ea99.php 第 95 行.
NOTIC: [8] Undefined index: price E:\WNMP\WWW\wenwanhui\Application\Runtime\Cache\Home\d9c3fe725e8a3807a83c0451c141ea99.php 第 96 行.
NOTIC: [8] Undefined index: count E:\WNMP\WWW\wenwanhui\Application\Runtime\Cache\Home\d9c3fe725e8a3807a83c0451c141ea99.php 第 97 行.
NOTIC: [8] Undefined index: title E:\WNMP\WWW\wenwanhui\Application\Runtime\Cache\Home\d9c3fe725e8a3807a83c0451c141ea99.php 第 95 行.
NOTIC: [8] Undefined index: price E:\WNMP\WWW\wenwanhui\Application\Runtime\Cache\Home\d9c3fe725e8a3807a83c0451c141ea99.php 第 96 行.
NOTIC: [8] Undefined index: count E:\WNMP\WWW\wenwanhui\Application\Runtime\Cache\Home\d9c3fe725e8a3807a83c0451c141ea99.php 第 97 行.
NOTIC: [8] Undefined index: title E:\WNMP\WWW\wenwanhui\Application\Runtime\Cache\Home\d9c3fe725e8a3807a83c0451c141ea99.php 第 95 行.
NOTIC: [8] Undefined index: price E:\WNMP\WWW\wenwanhui\Application\Runtime\Cache\Home\d9c3fe725e8a3807a83c0451c141ea99.php 第 96 行.
NOTIC: [8] Undefined index: count E:\WNMP\WWW\wenwanhui\Application\Runtime\Cache\Home\d9c3fe725e8a3807a83c0451c141ea99.php 第 97 行.
NOTIC: [8] Undefined index: title E:\WNMP\WWW\wenwanhui\Application\Runtime\Cache\Home\d9c3fe725e8a3807a83c0451c141ea99.php 第 95 行.
NOTIC: [8] Undefined index: price E:\WNMP\WWW\wenwanhui\Application\Runtime\Cache\Home\d9c3fe725e8a3807a83c0451c141ea99.php 第 96 行.
NOTIC: [8] Undefined index: count E:\WNMP\WWW\wenwanhui\Application\Runtime\Cache\Home\d9c3fe725e8a3807a83c0451c141ea99.php 第 97 行.
NOTIC: [8] Undefined index: title E:\WNMP\WWW\wenwanhui\Application\Runtime\Cache\Home\d9c3fe725e8a3807a83c0451c141ea99.php 第 95 行.
NOTIC: [8] Undefined index: price E:\WNMP\WWW\wenwanhui\Application\Runtime\Cache\Home\d9c3fe725e8a3807a83c0451c141ea99.php 第 96 行.
NOTIC: [8] Undefined index: count E:\WNMP\WWW\wenwanhui\Application\Runtime\Cache\Home\d9c3fe725e8a3807a83c0451c141ea99.php 第 97 行.
NOTIC: [8] Undefined index: title E:\WNMP\WWW\wenwanhui\Application\Runtime\Cache\Home\d9c3fe725e8a3807a83c0451c141ea99.php 第 95 行.
NOTIC: [8] Undefined index: price E:\WNMP\WWW\wenwanhui\Application\Runtime\Cache\Home\d9c3fe725e8a3807a83c0451c141ea99.php 第 96 行.
NOTIC: [8] Undefined index: count E:\WNMP\WWW\wenwanhui\Application\Runtime\Cache\Home\d9c3fe725e8a3807a83c0451c141ea99.php 第 97 行.
NOTIC: [8] Undefined index: title E:\WNMP\WWW\wenwanhui\Application\Runtime\Cache\Home\d9c3fe725e8a3807a83c0451c141ea99.php 第 95 行.
NOTIC: [8] Undefined index: price E:\WNMP\WWW\wenwanhui\Application\Runtime\Cache\Home\d9c3fe725e8a3807a83c0451c141ea99.php 第 96 行.
NOTIC: [8] Undefined index: count E:\WNMP\WWW\wenwanhui\Application\Runtime\Cache\Home\d9c3fe725e8a3807a83c0451c141ea99.php 第 97 行.
NOTIC: [8] Undefined index: title E:\WNMP\WWW\wenwanhui\Application\Runtime\Cache\Home\d9c3fe725e8a3807a83c0451c141ea99.php 第 95 行.
NOTIC: [8] Undefined index: price E:\WNMP\WWW\wenwanhui\Application\Runtime\Cache\Home\d9c3fe725e8a3807a83c0451c141ea99.php 第 96 行.
NOTIC: [8] Undefined index: count E:\WNMP\WWW\wenwanhui\Application\Runtime\Cache\Home\d9c3fe725e8a3807a83c0451c141ea99.php 第 97 行.
NOTIC: [8] Undefined index: title E:\WNMP\WWW\wenwanhui\Application\Runtime\Cache\Home\d9c3fe725e8a3807a83c0451c141ea99.php 第 95 行.
NOTIC: [8] Undefined index: price E:\WNMP\WWW\wenwanhui\Application\Runtime\Cache\Home\d9c3fe725e8a3807a83c0451c141ea99.php 第 96 行.
NOTIC: [8] Undefined index: count E:\WNMP\WWW\wenwanhui\Application\Runtime\Cache\Home\d9c3fe725e8a3807a83c0451c141ea99.php 第 97 行.
NOTIC: [8] Undefined index: title E:\WNMP\WWW\wenwanhui\Application\Runtime\Cache\Home\d9c3fe725e8a3807a83c0451c141ea99.php 第 95 行.
NOTIC: [8] Undefined index: price E:\WNMP\WWW\wenwanhui\Application\Runtime\Cache\Home\d9c3fe725e8a3807a83c0451c141ea99.php 第 96 行.
NOTIC: [8] Undefined index: count E:\WNMP\WWW\wenwanhui\Application\Runtime\Cache\Home\d9c3fe725e8a3807a83c0451c141ea99.php 第 97 行.
NOTIC: [8] Undefined index: title E:\WNMP\WWW\wenwanhui\Application\Runtime\Cache\Home\d9c3fe725e8a3807a83c0451c141ea99.php 第 95 行.
NOTIC: [8] Undefined index: price E:\WNMP\WWW\wenwanhui\Application\Runtime\Cache\Home\d9c3fe725e8a3807a83c0451c141ea99.php 第 96 行.
NOTIC: [8] Undefined index: count E:\WNMP\WWW\wenwanhui\Application\Runtime\Cache\Home\d9c3fe725e8a3807a83c0451c141ea99.php 第 97 行.
NOTIC: [8] Undefined index: title E:\WNMP\WWW\wenwanhui\Application\Runtime\Cache\Home\d9c3fe725e8a3807a83c0451c141ea99.php 第 95 行.
NOTIC: [8] Undefined index: price E:\WNMP\WWW\wenwanhui\Application\Runtime\Cache\Home\d9c3fe725e8a3807a83c0451c141ea99.php 第 96 行.
NOTIC: [8] Undefined index: count E:\WNMP\WWW\wenwanhui\Application\Runtime\Cache\Home\d9c3fe725e8a3807a83c0451c141ea99.php 第 97 行.
INFO: Run Behavior\ParseTemplateBehavior [ RunTime:0.175593s ]
INFO: [ view_parse ] --END-- [ RunTime:0.175909s ]
INFO: [ view_filter ] --START--
INFO: Run Behavior\WriteHtmlCacheBehavior [ RunTime:0.000499s ]
INFO: [ view_filter ] --END-- [ RunTime:0.000586s ]
INFO: [ app_end ] --START--
INFO: Run Behavior\ShowPageTraceBehavior [ RunTime:0.001648s ]
INFO: [ app_end ] --END-- [ RunTime:0.001758s ]

[ 2016-05-16T19:39:24+08:00 ] 127.0.0.1 /Home/Index/category.shtml
INFO: [ app_init ] --START--
INFO: Run Behavior\BuildLiteBehavior [ RunTime:0.000016s ]
INFO: [ app_init ] --END-- [ RunTime:0.000404s ]
INFO: [ app_begin ] --START--
INFO: Run Behavior\ReadHtmlCacheBehavior [ RunTime:0.000531s ]
INFO: [ app_begin ] --END-- [ RunTime:0.000597s ]
NOTIC: [8] Undefined index: username E:\WNMP\WWW\wenwanhui\Application\Home\Controller\CommonController.class.php 第 21 行.
SQL: SHOW COLUMNS FROM `category` [ RunTime:0.0051s ]
NOTIC: [2] Invalid argument supplied for foreach() E:\WNMP\WWW\wenwanhui\ThinkPHP\Library\Think\Db\Driver.class.php 第 504 行.
SQL: SELECT * FROM `category`  [ RunTime:0.0003s ]
SQL: SHOW COLUMNS FROM `product` [ RunTime:0.0046s ]
SQL: SELECT * FROM `product` left JOIN category ON product.cid =  category.cid  WHERE ( category.cid = "1" )  [ RunTime:0.0005s ]
SQL: SELECT * FROM `product` left JOIN category ON product.cid =  category.cid  WHERE ( category.cid = "2" )  [ RunTime:0.0004s ]
SQL: SELECT * FROM `product` left JOIN category ON product.cid =  category.cid  WHERE ( category.cid = "3" )  [ RunTime:0.0004s ]
SQL: SELECT * FROM `product` left JOIN category ON product.cid =  category.cid  WHERE ( category.cid = "4" )  [ RunTime:0.0004s ]
SQL: SELECT * FROM `product` WHERE ( cid = 1 )  [ RunTime:0.0004s ]
SQL: SELECT * FROM `product` WHERE ( cid = 2 )  [ RunTime:0.0003s ]
SQL: SELECT * FROM `product` WHERE ( cid = 3 )  [ RunTime:0.0004s ]
INFO: [ view_parse ] --START--
NOTIC: [2] file_get_contents(./Application/Home/View/Index/left.html): failed to open stream: No such file or directory E:\WNMP\WWW\wenwanhui\ThinkPHP\Library\Think\Template.class.php 第 696 行.
NOTIC: [2] file_get_contents(./Application/Home/View/Index/right.html): failed to open stream: No such file or directory E:\WNMP\WWW\wenwanhui\ThinkPHP\Library\Think\Template.class.php 第 696 行.
INFO: [ template_filter ] --START--
INFO: Run Behavior\ContentReplaceBehavior [ RunTime:0.000070s ]
INFO: [ template_filter ] --END-- [ RunTime:0.000131s ]
NOTIC: [8] Undefined index: title E:\WNMP\WWW\wenwanhui\Application\Runtime\Cache\Home\d9c3fe725e8a3807a83c0451c141ea99.php 第 95 行.
NOTIC: [8] Undefined index: price E:\WNMP\WWW\wenwanhui\Application\Runtime\Cache\Home\d9c3fe725e8a3807a83c0451c141ea99.php 第 96 行.
NOTIC: [8] Undefined index: count E:\WNMP\WWW\wenwanhui\Application\Runtime\Cache\Home\d9c3fe725e8a3807a83c0451c141ea99.php 第 97 行.
NOTIC: [8] Undefined index: title E:\WNMP\WWW\wenwanhui\Application\Runtime\Cache\Home\d9c3fe725e8a3807a83c0451c141ea99.php 第 95 行.
NOTIC: [8] Undefined index: price E:\WNMP\WWW\wenwanhui\Application\Runtime\Cache\Home\d9c3fe725e8a3807a83c0451c141ea99.php 第 96 行.
NOTIC: [8] Undefined index: count E:\WNMP\WWW\wenwanhui\Application\Runtime\Cache\Home\d9c3fe725e8a3807a83c0451c141ea99.php 第 97 行.
NOTIC: [8] Undefined index: title E:\WNMP\WWW\wenwanhui\Application\Runtime\Cache\Home\d9c3fe725e8a3807a83c0451c141ea99.php 第 95 行.
NOTIC: [8] Undefined index: price E:\WNMP\WWW\wenwanhui\Application\Runtime\Cache\Home\d9c3fe725e8a3807a83c0451c141ea99.php 第 96 行.
NOTIC: [8] Undefined index: count E:\WNMP\WWW\wenwanhui\Application\Runtime\Cache\Home\d9c3fe725e8a3807a83c0451c141ea99.php 第 97 行.
NOTIC: [8] Undefined index: title E:\WNMP\WWW\wenwanhui\Application\Runtime\Cache\Home\d9c3fe725e8a3807a83c0451c141ea99.php 第 95 行.
NOTIC: [8] Undefined index: price E:\WNMP\WWW\wenwanhui\Application\Runtime\Cache\Home\d9c3fe725e8a3807a83c0451c141ea99.php 第 96 行.
NOTIC: [8] Undefined index: count E:\WNMP\WWW\wenwanhui\Application\Runtime\Cache\Home\d9c3fe725e8a3807a83c0451c141ea99.php 第 97 行.
NOTIC: [8] Undefined index: title E:\WNMP\WWW\wenwanhui\Application\Runtime\Cache\Home\d9c3fe725e8a3807a83c0451c141ea99.php 第 95 行.
NOTIC: [8] Undefined index: price E:\WNMP\WWW\wenwanhui\Application\Runtime\Cache\Home\d9c3fe725e8a3807a83c0451c141ea99.php 第 96 行.
NOTIC: [8] Undefined index: count E:\WNMP\WWW\wenwanhui\Application\Runtime\Cache\Home\d9c3fe725e8a3807a83c0451c141ea99.php 第 97 行.
NOTIC: [8] Undefined index: title E:\WNMP\WWW\wenwanhui\Application\Runtime\Cache\Home\d9c3fe725e8a3807a83c0451c141ea99.php 第 95 行.
NOTIC: [8] Undefined index: price E:\WNMP\WWW\wenwanhui\Application\Runtime\Cache\Home\d9c3fe725e8a3807a83c0451c141ea99.php 第 96 行.
NOTIC: [8] Undefined index: count E:\WNMP\WWW\wenwanhui\Application\Runtime\Cache\Home\d9c3fe725e8a3807a83c0451c141ea99.php 第 97 行.
NOTIC: [8] Undefined index: title E:\WNMP\WWW\wenwanhui\Application\Runtime\Cache\Home\d9c3fe725e8a3807a83c0451c141ea99.php 第 95 行.
NOTIC: [8] Undefined index: price E:\WNMP\WWW\wenwanhui\Application\Runtime\Cache\Home\d9c3fe725e8a3807a83c0451c141ea99.php 第 96 行.
NOTIC: [8] Undefined index: count E:\WNMP\WWW\wenwanhui\Application\Runtime\Cache\Home\d9c3fe725e8a3807a83c0451c141ea99.php 第 97 行.
NOTIC: [8] Undefined index: title E:\WNMP\WWW\wenwanhui\Application\Runtime\Cache\Home\d9c3fe725e8a3807a83c0451c141ea99.php 第 95 行.
NOTIC: [8] Undefined index: price E:\WNMP\WWW\wenwanhui\Application\Runtime\Cache\Home\d9c3fe725e8a3807a83c0451c141ea99.php 第 96 行.
NOTIC: [8] Undefined index: count E:\WNMP\WWW\wenwanhui\Application\Runtime\Cache\Home\d9c3fe725e8a3807a83c0451c141ea99.php 第 97 行.
NOTIC: [8] Undefined index: title E:\WNMP\WWW\wenwanhui\Application\Runtime\Cache\Home\d9c3fe725e8a3807a83c0451c141ea99.php 第 95 行.
NOTIC: [8] Undefined index: price E:\WNMP\WWW\wenwanhui\Application\Runtime\Cache\Home\d9c3fe725e8a3807a83c0451c141ea99.php 第 96 行.
NOTIC: [8] Undefined index: count E:\WNMP\WWW\wenwanhui\Application\Runtime\Cache\Home\d9c3fe725e8a3807a83c0451c141ea99.php 第 97 行.
NOTIC: [8] Undefined index: title E:\WNMP\WWW\wenwanhui\Application\Runtime\Cache\Home\d9c3fe725e8a3807a83c0451c141ea99.php 第 95 行.
NOTIC: [8] Undefined index: price E:\WNMP\WWW\wenwanhui\Application\Runtime\Cache\Home\d9c3fe725e8a3807a83c0451c141ea99.php 第 96 行.
NOTIC: [8] Undefined index: count E:\WNMP\WWW\wenwanhui\Application\Runtime\Cache\Home\d9c3fe725e8a3807a83c0451c141ea99.php 第 97 行.
NOTIC: [8] Undefined index: title E:\WNMP\WWW\wenwanhui\Application\Runtime\Cache\Home\d9c3fe725e8a3807a83c0451c141ea99.php 第 95 行.
NOTIC: [8] Undefined index: price E:\WNMP\WWW\wenwanhui\Application\Runtime\Cache\Home\d9c3fe725e8a3807a83c0451c141ea99.php 第 96 行.
NOTIC: [8] Undefined index: count E:\WNMP\WWW\wenwanhui\Application\Runtime\Cache\Home\d9c3fe725e8a3807a83c0451c141ea99.php 第 97 行.
NOTIC: [8] Undefined index: title E:\WNMP\WWW\wenwanhui\Application\Runtime\Cache\Home\d9c3fe725e8a3807a83c0451c141ea99.php 第 95 行.
NOTIC: [8] Undefined index: price E:\WNMP\WWW\wenwanhui\Application\Runtime\Cache\Home\d9c3fe725e8a3807a83c0451c141ea99.php 第 96 行.
NOTIC: [8] Undefined index: count E:\WNMP\WWW\wenwanhui\Application\Runtime\Cache\Home\d9c3fe725e8a3807a83c0451c141ea99.php 第 97 行.
NOTIC: [8] Undefined index: title E:\WNMP\WWW\wenwanhui\Application\Runtime\Cache\Home\d9c3fe725e8a3807a83c0451c141ea99.php 第 95 行.
NOTIC: [8] Undefined index: price E:\WNMP\WWW\wenwanhui\Application\Runtime\Cache\Home\d9c3fe725e8a3807a83c0451c141ea99.php 第 96 行.
NOTIC: [8] Undefined index: count E:\WNMP\WWW\wenwanhui\Application\Runtime\Cache\Home\d9c3fe725e8a3807a83c0451c141ea99.php 第 97 行.
NOTIC: [8] Undefined index: title E:\WNMP\WWW\wenwanhui\Application\Runtime\Cache\Home\d9c3fe725e8a3807a83c0451c141ea99.php 第 95 行.
NOTIC: [8] Undefined index: price E:\WNMP\WWW\wenwanhui\Application\Runtime\Cache\Home\d9c3fe725e8a3807a83c0451c141ea99.php 第 96 行.
NOTIC: [8] Undefined index: count E:\WNMP\WWW\wenwanhui\Application\Runtime\Cache\Home\d9c3fe725e8a3807a83c0451c141ea99.php 第 97 行.
NOTIC: [8] Undefined index: title E:\WNMP\WWW\wenwanhui\Application\Runtime\Cache\Home\d9c3fe725e8a3807a83c0451c141ea99.php 第 95 行.
NOTIC: [8] Undefined index: price E:\WNMP\WWW\wenwanhui\Application\Runtime\Cache\Home\d9c3fe725e8a3807a83c0451c141ea99.php 第 96 行.
NOTIC: [8] Undefined index: count E:\WNMP\WWW\wenwanhui\Application\Runtime\Cache\Home\d9c3fe725e8a3807a83c0451c141ea99.php 第 97 行.
NOTIC: [8] Undefined index: title E:\WNMP\WWW\wenwanhui\Application\Runtime\Cache\Home\d9c3fe725e8a3807a83c0451c141ea99.php 第 95 行.
NOTIC: [8] Undefined index: price E:\WNMP\WWW\wenwanhui\Application\Runtime\Cache\Home\d9c3fe725e8a3807a83c0451c141ea99.php 第 96 行.
NOTIC: [8] Undefined index: count E:\WNMP\WWW\wenwanhui\Application\Runtime\Cache\Home\d9c3fe725e8a3807a83c0451c141ea99.php 第 97 行.
INFO: Run Behavior\ParseTemplateBehavior [ RunTime:0.013566s ]
INFO: [ view_parse ] --END-- [ RunTime:0.013626s ]
INFO: [ view_filter ] --START--
INFO: Run Behavior\WriteHtmlCacheBehavior [ RunTime:0.000257s ]
INFO: [ view_filter ] --END-- [ RunTime:0.000306s ]
INFO: [ app_end ] --START--
INFO: Run Behavior\ShowPageTraceBehavior [ RunTime:0.001069s ]
INFO: [ app_end ] --END-- [ RunTime:0.001160s ]

[ 2016-05-16T19:39:31+08:00 ] 127.0.0.1 /Home/Index/index.shtml
INFO: [ app_init ] --START--
INFO: Run Behavior\BuildLiteBehavior [ RunTime:0.000016s ]
INFO: [ app_init ] --END-- [ RunTime:0.000389s ]
INFO: [ app_begin ] --START--
INFO: Run Behavior\ReadHtmlCacheBehavior [ RunTime:0.000493s ]
INFO: [ app_begin ] --END-- [ RunTime:0.000553s ]
NOTIC: [8] Undefined index: username E:\WNMP\WWW\wenwanhui\Application\Home\Controller\CommonController.class.php 第 21 行.
SQL: SHOW COLUMNS FROM `product` [ RunTime:0.0048s ]
NOTIC: [2] Invalid argument supplied for foreach() E:\WNMP\WWW\wenwanhui\ThinkPHP\Library\Think\Db\Driver.class.php 第 504 行.
SQL: SELECT * FROM `product` ORDER BY date LIMIT 4   [ RunTime:0.0005s ]
INFO: [ view_parse ] --START--
NOTIC: [2] file_get_contents(./Application/Home/View/Index/left.html): failed to open stream: No such file or directory E:\WNMP\WWW\wenwanhui\ThinkPHP\Library\Think\Template.class.php 第 696 行.
NOTIC: [2] file_get_contents(./Application/Home/View/Index/right.html): failed to open stream: No such file or directory E:\WNMP\WWW\wenwanhui\ThinkPHP\Library\Think\Template.class.php 第 696 行.
INFO: [ template_filter ] --START--
INFO: Run Behavior\ContentReplaceBehavior [ RunTime:0.000068s ]
INFO: [ template_filter ] --END-- [ RunTime:0.000132s ]
INFO: Run Behavior\ParseTemplateBehavior [ RunTime:0.026473s ]
INFO: [ view_parse ] --END-- [ RunTime:0.026543s ]
INFO: [ view_filter ] --START--
INFO: Run Behavior\WriteHtmlCacheBehavior [ RunTime:0.000249s ]
INFO: [ view_filter ] --END-- [ RunTime:0.000298s ]
INFO: [ app_end ] --START--
INFO: Run Behavior\ShowPageTraceBehavior [ RunTime:0.000569s ]
INFO: [ app_end ] --END-- [ RunTime:0.000644s ]

[ 2016-05-16T19:39:34+08:00 ] 127.0.0.1 /Home/Cart/addCart
INFO: [ app_init ] --START--
INFO: Run Behavior\BuildLiteBehavior [ RunTime:0.000014s ]
INFO: [ app_init ] --END-- [ RunTime:0.000380s ]
INFO: [ app_begin ] --START--
INFO: Run Behavior\ReadHtmlCacheBehavior [ RunTime:0.000480s ]
INFO: [ app_begin ] --END-- [ RunTime:0.000540s ]
NOTIC: [8] Undefined index: username E:\WNMP\WWW\wenwanhui\Application\Home\Controller\CommonController.class.php 第 21 行.
INFO: [ view_parse ] --START--
INFO: [ template_filter ] --START--
INFO: Run Behavior\ContentReplaceBehavior [ RunTime:0.000084s ]
INFO: [ template_filter ] --END-- [ RunTime:0.000228s ]
INFO: Run Behavior\ParseTemplateBehavior [ RunTime:0.050066s ]
INFO: [ view_parse ] --END-- [ RunTime:0.050291s ]
INFO: [ view_filter ] --START--
INFO: Run Behavior\WriteHtmlCacheBehavior [ RunTime:0.000499s ]
INFO: [ view_filter ] --END-- [ RunTime:0.000612s ]
INFO: [ app_end ] --START--
INFO: Run Behavior\ShowPageTraceBehavior [ RunTime:0.000925s ]
INFO: [ app_end ] --END-- [ RunTime:0.001019s ]

[ 2016-05-16T19:39:35+08:00 ] 127.0.0.1 /Home/Index/login
INFO: [ app_init ] --START--
INFO: Run Behavior\BuildLiteBehavior [ RunTime:0.000019s ]
INFO: [ app_init ] --END-- [ RunTime:0.000455s ]
INFO: [ app_begin ] --START--
INFO: Run Behavior\ReadHtmlCacheBehavior [ RunTime:0.000579s ]
INFO: [ app_begin ] --END-- [ RunTime:0.000666s ]
NOTIC: [8] Undefined index: username E:\WNMP\WWW\wenwanhui\Application\Home\Controller\CommonController.class.php 第 21 行.
INFO: [ view_parse ] --START--
NOTIC: [2] file_get_contents(./Application/Home/View/Index/left.html): failed to open stream: No such file or directory E:\WNMP\WWW\wenwanhui\ThinkPHP\Library\Think\Template.class.php 第 696 行.
NOTIC: [2] file_get_contents(./Application/Home/View/Index/right.html): failed to open stream: No such file or directory E:\WNMP\WWW\wenwanhui\ThinkPHP\Library\Think\Template.class.php 第 696 行.
INFO: [ template_filter ] --START--
INFO: Run Behavior\ContentReplaceBehavior [ RunTime:0.000099s ]
INFO: [ template_filter ] --END-- [ RunTime:0.000354s ]
INFO: Run Behavior\ParseTemplateBehavior [ RunTime:0.055564s ]
INFO: [ view_parse ] --END-- [ RunTime:0.056132s ]
INFO: [ view_filter ] --START--
INFO: Run Behavior\WriteHtmlCacheBehavior [ RunTime:0.002770s ]
INFO: [ view_filter ] --END-- [ RunTime:0.003333s ]
INFO: [ app_end ] --START--
INFO: Run Behavior\ShowPageTraceBehavior [ RunTime:0.006111s ]
INFO: [ app_end ] --END-- [ RunTime:0.006628s ]

[ 2016-05-16T19:39:35+08:00 ] 127.0.0.1 /Home/User/verify.shtml
INFO: [ app_init ] --START--
INFO: Run Behavior\BuildLiteBehavior [ RunTime:0.000036s ]
INFO: [ app_init ] --END-- [ RunTime:0.000931s ]
INFO: [ app_begin ] --START--
INFO: Run Behavior\ReadHtmlCacheBehavior [ RunTime:0.001376s ]
INFO: [ app_begin ] --END-- [ RunTime:0.001511s ]
NOTIC: [8] Undefined index: username E:\WNMP\WWW\wenwanhui\Application\Home\Controller\CommonController.class.php 第 21 行.
INFO: [ app_end ] --START--
INFO: Run Behavior\ShowPageTraceBehavior [ RunTime:0.000792s ]
INFO: [ app_end ] --END-- [ RunTime:0.000889s ]

[ 2016-05-16T19:39:47+08:00 ] 127.0.0.1 /Home/User/checkLogin
INFO: [ app_init ] --START--
INFO: Run Behavior\BuildLiteBehavior [ RunTime:0.000016s ]
INFO: [ app_init ] --END-- [ RunTime:0.000384s ]
INFO: [ app_begin ] --START--
INFO: Run Behavior\ReadHtmlCacheBehavior [ RunTime:0.000477s ]
INFO: [ app_begin ] --END-- [ RunTime:0.000537s ]
NOTIC: [8] Undefined index: username E:\WNMP\WWW\wenwanhui\Application\Home\Controller\CommonController.class.php 第 21 行.
SQL: SHOW COLUMNS FROM `user` [ RunTime:0.0837s ]
SQL: SELECT COUNT(*) AS tp_count FROM `user` WHERE ( username = 'dugu' ) LIMIT 1   [ RunTime:0.0353s ]
SQL: SELECT * FROM `user` WHERE ( username = 'dugu' ) LIMIT 1   [ RunTime:0.0005s ]
INFO: [ view_parse ] --START--
INFO: [ template_filter ] --START--
INFO: Run Behavior\ContentReplaceBehavior [ RunTime:0.000126s ]
INFO: [ template_filter ] --END-- [ RunTime:0.000359s ]
INFO: Run Behavior\ParseTemplateBehavior [ RunTime:0.016654s ]
INFO: [ view_parse ] --END-- [ RunTime:0.016796s ]
INFO: [ view_filter ] --START--
INFO: Run Behavior\WriteHtmlCacheBehavior [ RunTime:0.000839s ]
INFO: [ view_filter ] --END-- [ RunTime:0.000981s ]
INFO: [ app_end ] --START--
INFO: Run Behavior\ShowPageTraceBehavior [ RunTime:0.001690s ]
INFO: [ app_end ] --END-- [ RunTime:0.001873s ]

[ 2016-05-16T19:39:48+08:00 ] 127.0.0.1 /Home/Index/index
INFO: [ app_init ] --START--
INFO: Run Behavior\BuildLiteBehavior [ RunTime:0.000016s ]
INFO: [ app_init ] --END-- [ RunTime:0.000436s ]
INFO: [ app_begin ] --START--
INFO: Run Behavior\ReadHtmlCacheBehavior [ RunTime:0.000559s ]
INFO: [ app_begin ] --END-- [ RunTime:0.000626s ]
SQL: SHOW COLUMNS FROM `product` [ RunTime:0.0047s ]
NOTIC: [2] Invalid argument supplied for foreach() E:\WNMP\WWW\wenwanhui\ThinkPHP\Library\Think\Db\Driver.class.php 第 504 行.
SQL: SELECT * FROM `product` ORDER BY date LIMIT 4   [ RunTime:0.0005s ]
INFO: [ view_parse ] --START--
NOTIC: [2] file_get_contents(./Application/Home/View/Index/left.html): failed to open stream: No such file or directory E:\WNMP\WWW\wenwanhui\ThinkPHP\Library\Think\Template.class.php 第 696 行.
NOTIC: [2] file_get_contents(./Application/Home/View/Index/right.html): failed to open stream: No such file or directory E:\WNMP\WWW\wenwanhui\ThinkPHP\Library\Think\Template.class.php 第 696 行.
INFO: [ template_filter ] --START--
INFO: Run Behavior\ContentReplaceBehavior [ RunTime:0.000068s ]
INFO: [ template_filter ] --END-- [ RunTime:0.000135s ]
INFO: Run Behavior\ParseTemplateBehavior [ RunTime:0.012113s ]
INFO: [ view_parse ] --END-- [ RunTime:0.012192s ]
INFO: [ view_filter ] --START--
INFO: Run Behavior\WriteHtmlCacheBehavior [ RunTime:0.000289s ]
INFO: [ view_filter ] --END-- [ RunTime:0.000339s ]
INFO: [ app_end ] --START--
INFO: Run Behavior\ShowPageTraceBehavior [ RunTime:0.000547s ]
INFO: [ app_end ] --END-- [ RunTime:0.000618s ]

[ 2016-05-16T19:39:52+08:00 ] 127.0.0.1 /Home/Cart/addCart
INFO: [ app_init ] --START--
INFO: Run Behavior\BuildLiteBehavior [ RunTime:0.000015s ]
INFO: [ app_init ] --END-- [ RunTime:0.000390s ]
INFO: [ app_begin ] --START--
INFO: Run Behavior\ReadHtmlCacheBehavior [ RunTime:0.000550s ]
INFO: [ app_begin ] --END-- [ RunTime:0.000612s ]
SQL: SHOW COLUMNS FROM `user` [ RunTime:0.0048s ]
SQL: SELECT `uid` FROM `user` WHERE ( username = "dugu" )  [ RunTime:0.0003s ]
SQL: SHOW COLUMNS FROM `product` [ RunTime:0.0042s ]
SQL: SELECT `count` FROM `product` WHERE ( pid = "1" )  [ RunTime:0.0004s ]
NOTIC: [8] Undefined offset: 0 E:\WNMP\WWW\wenwanhui\Application\Home\Controller\CartController.class.php 第 71 行.
INFO: [ view_parse ] --START--
INFO: [ template_filter ] --START--
INFO: Run Behavior\ContentReplaceBehavior [ RunTime:0.000050s ]
INFO: [ template_filter ] --END-- [ RunTime:0.000122s ]
INFO: Run Behavior\ParseTemplateBehavior [ RunTime:0.006514s ]
INFO: [ view_parse ] --END-- [ RunTime:0.006638s ]
INFO: [ view_filter ] --START--
INFO: Run Behavior\WriteHtmlCacheBehavior [ RunTime:0.000392s ]
INFO: [ view_filter ] --END-- [ RunTime:0.000447s ]

[ 2016-05-16T19:39:53+08:00 ] 127.0.0.1 /Home/Index/index
INFO: [ app_init ] --START--
INFO: Run Behavior\BuildLiteBehavior [ RunTime:0.000015s ]
INFO: [ app_init ] --END-- [ RunTime:0.000378s ]
INFO: [ app_begin ] --START--
INFO: Run Behavior\ReadHtmlCacheBehavior [ RunTime:0.000515s ]
INFO: [ app_begin ] --END-- [ RunTime:0.000573s ]
SQL: SHOW COLUMNS FROM `product` [ RunTime:0.0048s ]
NOTIC: [2] Invalid argument supplied for foreach() E:\WNMP\WWW\wenwanhui\ThinkPHP\Library\Think\Db\Driver.class.php 第 504 行.
SQL: SELECT * FROM `product` ORDER BY date LIMIT 4   [ RunTime:0.0004s ]
INFO: [ view_parse ] --START--
NOTIC: [2] file_get_contents(./Application/Home/View/Index/left.html): failed to open stream: No such file or directory E:\WNMP\WWW\wenwanhui\ThinkPHP\Library\Think\Template.class.php 第 696 行.
NOTIC: [2] file_get_contents(./Application/Home/View/Index/right.html): failed to open stream: No such file or directory E:\WNMP\WWW\wenwanhui\ThinkPHP\Library\Think\Template.class.php 第 696 行.
INFO: [ template_filter ] --START--
INFO: Run Behavior\ContentReplaceBehavior [ RunTime:0.000072s ]
INFO: [ template_filter ] --END-- [ RunTime:0.000136s ]
INFO: Run Behavior\ParseTemplateBehavior [ RunTime:0.037819s ]
INFO: [ view_parse ] --END-- [ RunTime:0.037895s ]
INFO: [ view_filter ] --START--
INFO: Run Behavior\WriteHtmlCacheBehavior [ RunTime:0.000265s ]
INFO: [ view_filter ] --END-- [ RunTime:0.000316s ]
INFO: [ app_end ] --START--
INFO: Run Behavior\ShowPageTraceBehavior [ RunTime:0.000937s ]
INFO: [ app_end ] --END-- [ RunTime:0.001025s ]

[ 2016-05-16T19:39:56+08:00 ] 127.0.0.1 /Home/Cart/addCart
INFO: [ app_init ] --START--
INFO: Run Behavior\BuildLiteBehavior [ RunTime:0.000037s ]
INFO: [ app_init ] --END-- [ RunTime:0.000839s ]
INFO: [ app_begin ] --START--
INFO: Run Behavior\ReadHtmlCacheBehavior [ RunTime:0.000535s ]
INFO: [ app_begin ] --END-- [ RunTime:0.000605s ]
SQL: SHOW COLUMNS FROM `user` [ RunTime:0.0055s ]
SQL: SELECT `uid` FROM `user` WHERE ( username = "dugu" )  [ RunTime:0.0004s ]
SQL: SHOW COLUMNS FROM `product` [ RunTime:0.0048s ]
SQL: SELECT `count` FROM `product` WHERE ( pid = "1" )  [ RunTime:0.0003s ]
NOTIC: [8] Undefined offset: 0 E:\WNMP\WWW\wenwanhui\Application\Home\Controller\CartController.class.php 第 71 行.
INFO: [ view_parse ] --START--
INFO: [ template_filter ] --START--
INFO: Run Behavior\ContentReplaceBehavior [ RunTime:0.000052s ]
INFO: [ template_filter ] --END-- [ RunTime:0.000133s ]
INFO: Run Behavior\ParseTemplateBehavior [ RunTime:0.006503s ]
INFO: [ view_parse ] --END-- [ RunTime:0.006581s ]
INFO: [ view_filter ] --START--
INFO: Run Behavior\WriteHtmlCacheBehavior [ RunTime:0.000250s ]
INFO: [ view_filter ] --END-- [ RunTime:0.000298s ]

[ 2016-05-16T19:39:57+08:00 ] 127.0.0.1 /Home/Index/index
INFO: [ app_init ] --START--
INFO: Run Behavior\BuildLiteBehavior [ RunTime:0.000019s ]
INFO: [ app_init ] --END-- [ RunTime:0.000470s ]
INFO: [ app_begin ] --START--
INFO: Run Behavior\ReadHtmlCacheBehavior [ RunTime:0.001179s ]
INFO: [ app_begin ] --END-- [ RunTime:0.001302s ]
SQL: SHOW COLUMNS FROM `product` [ RunTime:0.0052s ]
NOTIC: [2] Invalid argument supplied for foreach() E:\WNMP\WWW\wenwanhui\ThinkPHP\Library\Think\Db\Driver.class.php 第 504 行.
SQL: SELECT * FROM `product` ORDER BY date LIMIT 4   [ RunTime:0.0004s ]
INFO: [ view_parse ] --START--
NOTIC: [2] file_get_contents(./Application/Home/View/Index/left.html): failed to open stream: No such file or directory E:\WNMP\WWW\wenwanhui\ThinkPHP\Library\Think\Template.class.php 第 696 行.
NOTIC: [2] file_get_contents(./Application/Home/View/Index/right.html): failed to open stream: No such file or directory E:\WNMP\WWW\wenwanhui\ThinkPHP\Library\Think\Template.class.php 第 696 行.
INFO: [ template_filter ] --START--
INFO: Run Behavior\ContentReplaceBehavior [ RunTime:0.000073s ]
INFO: [ template_filter ] --END-- [ RunTime:0.000136s ]
INFO: Run Behavior\ParseTemplateBehavior [ RunTime:0.045106s ]
INFO: [ view_parse ] --END-- [ RunTime:0.045179s ]
INFO: [ view_filter ] --START--
INFO: Run Behavior\WriteHtmlCacheBehavior [ RunTime:0.000352s ]
INFO: [ view_filter ] --END-- [ RunTime:0.000418s ]
INFO: [ app_end ] --START--
INFO: Run Behavior\ShowPageTraceBehavior [ RunTime:0.000853s ]
INFO: [ app_end ] --END-- [ RunTime:0.000941s ]

[ 2016-05-16T19:39:59+08:00 ] 127.0.0.1 /Home/Cart/addCart
INFO: [ app_init ] --START--
INFO: Run Behavior\BuildLiteBehavior [ RunTime:0.000017s ]
INFO: [ app_init ] --END-- [ RunTime:0.000394s ]
INFO: [ app_begin ] --START--
INFO: Run Behavior\ReadHtmlCacheBehavior [ RunTime:0.000490s ]
INFO: [ app_begin ] --END-- [ RunTime:0.000552s ]
SQL: SHOW COLUMNS FROM `user` [ RunTime:0.0050s ]
SQL: SELECT `uid` FROM `user` WHERE ( username = "dugu" )  [ RunTime:0.0003s ]
SQL: SHOW COLUMNS FROM `product` [ RunTime:0.0045s ]
SQL: SELECT `count` FROM `product` WHERE ( pid = "2" )  [ RunTime:0.0003s ]
NOTIC: [8] Undefined offset: 0 E:\WNMP\WWW\wenwanhui\Application\Home\Controller\CartController.class.php 第 71 行.
INFO: [ view_parse ] --START--
INFO: [ template_filter ] --START--
INFO: Run Behavior\ContentReplaceBehavior [ RunTime:0.000053s ]
INFO: [ template_filter ] --END-- [ RunTime:0.000174s ]
INFO: Run Behavior\ParseTemplateBehavior [ RunTime:0.006630s ]
INFO: [ view_parse ] --END-- [ RunTime:0.006744s ]
INFO: [ view_filter ] --START--
INFO: Run Behavior\WriteHtmlCacheBehavior [ RunTime:0.000251s ]
INFO: [ view_filter ] --END-- [ RunTime:0.000299s ]

[ 2016-05-16T19:40:01+08:00 ] 127.0.0.1 /Home/Index/index
INFO: [ app_init ] --START--
INFO: Run Behavior\BuildLiteBehavior [ RunTime:0.000019s ]
INFO: [ app_init ] --END-- [ RunTime:0.000516s ]
INFO: [ app_begin ] --START--
INFO: Run Behavior\ReadHtmlCacheBehavior [ RunTime:0.000614s ]
INFO: [ app_begin ] --END-- [ RunTime:0.000687s ]
SQL: SHOW COLUMNS FROM `product` [ RunTime:0.0047s ]
NOTIC: [2] Invalid argument supplied for foreach() E:\WNMP\WWW\wenwanhui\ThinkPHP\Library\Think\Db\Driver.class.php 第 504 行.
SQL: SELECT * FROM `product` ORDER BY date LIMIT 4   [ RunTime:0.0004s ]
INFO: [ view_parse ] --START--
NOTIC: [2] file_get_contents(./Application/Home/View/Index/left.html): failed to open stream: No such file or directory E:\WNMP\WWW\wenwanhui\ThinkPHP\Library\Think\Template.class.php 第 696 行.
NOTIC: [2] file_get_contents(./Application/Home/View/Index/right.html): failed to open stream: No such file or directory E:\WNMP\WWW\wenwanhui\ThinkPHP\Library\Think\Template.class.php 第 696 行.
INFO: [ template_filter ] --START--
INFO: Run Behavior\ContentReplaceBehavior [ RunTime:0.000072s ]
INFO: [ template_filter ] --END-- [ RunTime:0.000138s ]
INFO: Run Behavior\ParseTemplateBehavior [ RunTime:0.012012s ]
INFO: [ view_parse ] --END-- [ RunTime:0.012076s ]
INFO: [ view_filter ] --START--
INFO: Run Behavior\WriteHtmlCacheBehavior [ RunTime:0.000254s ]
INFO: [ view_filter ] --END-- [ RunTime:0.000303s ]
INFO: [ app_end ] --START--
INFO: Run Behavior\ShowPageTraceBehavior [ RunTime:0.000638s ]
INFO: [ app_end ] --END-- [ RunTime:0.000716s ]

[ 2016-05-16T19:40:04+08:00 ] 127.0.0.1 /Home/Cart/addCart
INFO: [ app_init ] --START--
INFO: Run Behavior\BuildLiteBehavior [ RunTime:0.000024s ]
INFO: [ app_init ] --END-- [ RunTime:0.000551s ]
INFO: [ app_begin ] --START--
INFO: Run Behavior\ReadHtmlCacheBehavior [ RunTime:0.000537s ]
INFO: [ app_begin ] --END-- [ RunTime:0.000602s ]
SQL: SHOW COLUMNS FROM `user` [ RunTime:0.0048s ]
SQL: SELECT `uid` FROM `user` WHERE ( username = "dugu" )  [ RunTime:0.0003s ]
SQL: SHOW COLUMNS FROM `product` [ RunTime:0.0054s ]
SQL: SELECT `count` FROM `product` WHERE ( pid = "4" )  [ RunTime:0.0003s ]
NOTIC: [8] Undefined offset: 0 E:\WNMP\WWW\wenwanhui\Application\Home\Controller\CartController.class.php 第 71 行.
SQL: SHOW COLUMNS FROM `cart` [ RunTime:0.0315s ]
SQL: SELECT COUNT(*) AS tp_count FROM `cart` WHERE `pid` = 4 AND `uid` = 3 LIMIT 1   [ RunTime:0.0004s ]
NOTIC: [8] Undefined index: validate E:\WNMP\WWW\wenwanhui\ThinkPHP\Library\Think\Model.class.php 第 1185 行.
NOTIC: [8] Undefined index: auto E:\WNMP\WWW\wenwanhui\ThinkPHP\Library\Think\Model.class.php 第 1128 行.
SQL: INSERT INTO `cart` (`pid`,`pname`,`pic`,`price`,`date`,`count`,`uid`) VALUES ('4','阳翠手环','shops/fc_004.jpg','15000','2016-05-16 19:40:04','1','3') [ RunTime:0.1428s ]
INFO: [ view_parse ] --START--
INFO: [ template_filter ] --START--
INFO: Run Behavior\ContentReplaceBehavior [ RunTime:0.000169s ]
INFO: [ template_filter ] --END-- [ RunTime:0.000276s ]
INFO: Run Behavior\ParseTemplateBehavior [ RunTime:0.011165s ]
INFO: [ view_parse ] --END-- [ RunTime:0.011281s ]
INFO: [ view_filter ] --START--
INFO: Run Behavior\WriteHtmlCacheBehavior [ RunTime:0.000398s ]
INFO: [ view_filter ] --END-- [ RunTime:0.000478s ]
INFO: [ app_end ] --START--
INFO: Run Behavior\ShowPageTraceBehavior [ RunTime:0.000810s ]
INFO: [ app_end ] --END-- [ RunTime:0.000902s ]

[ 2016-05-16T19:40:05+08:00 ] 127.0.0.1 /Home/Cart/getCart
INFO: [ app_init ] --START--
INFO: Run Behavior\BuildLiteBehavior [ RunTime:0.000019s ]
INFO: [ app_init ] --END-- [ RunTime:0.000458s ]
INFO: [ app_begin ] --START--
INFO: Run Behavior\ReadHtmlCacheBehavior [ RunTime:0.000670s ]
INFO: [ app_begin ] --END-- [ RunTime:0.000736s ]
SQL: SHOW COLUMNS FROM `cart` [ RunTime:0.0049s ]
SQL: SELECT * FROM `cart` WHERE ( uid = "3" )  [ RunTime:0.0004s ]
SQL: SELECT COUNT(*) AS tp_count FROM `cart` WHERE ( uid = "3" ) LIMIT 1   [ RunTime:0.0003s ]
SQL: SELECT * FROM `cart` WHERE ( uid = "3" ) ORDER BY sid LIMIT 0,3   [ RunTime:0.0005s ]
NOTIC: [8] Undefined index: all E:\WNMP\WWW\wenwanhui\Application\Home\Controller\CartController.class.php 第 40 行.
INFO: [ view_parse ] --START--
NOTIC: [2] file_get_contents(./Application/Home/View/Cart/left.html): failed to open stream: No such file or directory E:\WNMP\WWW\wenwanhui\ThinkPHP\Library\Think\Template.class.php 第 696 行.
NOTIC: [2] file_get_contents(./Application/Home/View/Cart/right.html): failed to open stream: No such file or directory E:\WNMP\WWW\wenwanhui\ThinkPHP\Library\Think\Template.class.php 第 696 行.
INFO: [ template_filter ] --START--
INFO: Run Behavior\ContentReplaceBehavior [ RunTime:0.000138s ]
INFO: [ template_filter ] --END-- [ RunTime:0.000252s ]
INFO: Run Behavior\ParseTemplateBehavior [ RunTime:0.060833s ]
INFO: [ view_parse ] --END-- [ RunTime:0.060924s ]
INFO: [ view_filter ] --START--
INFO: Run Behavior\WriteHtmlCacheBehavior [ RunTime:0.000305s ]
INFO: [ view_filter ] --END-- [ RunTime:0.000365s ]
INFO: [ app_end ] --START--
INFO: Run Behavior\ShowPageTraceBehavior [ RunTime:0.001107s ]
INFO: [ app_end ] --END-- [ RunTime:0.001317s ]

[ 2016-05-16T19:40:07+08:00 ] 127.0.0.1 /Home/Cart/delCart/pid/3
INFO: [ app_init ] --START--
INFO: Run Behavior\BuildLiteBehavior [ RunTime:0.000016s ]
INFO: [ app_init ] --END-- [ RunTime:0.000383s ]
INFO: [ app_begin ] --START--
INFO: Run Behavior\ReadHtmlCacheBehavior [ RunTime:0.000488s ]
INFO: [ app_begin ] --END-- [ RunTime:0.000546s ]
SQL: SHOW COLUMNS FROM `cart` [ RunTime:0.0050s ]
SQL: DELETE FROM `cart` WHERE `pid` = 3 AND `uid` = 3 [ RunTime:0.1798s ]
INFO: [ view_parse ] --START--
INFO: [ template_filter ] --START--
INFO: Run Behavior\ContentReplaceBehavior [ RunTime:0.000050s ]
INFO: [ template_filter ] --END-- [ RunTime:0.000130s ]
INFO: Run Behavior\ParseTemplateBehavior [ RunTime:0.006498s ]
INFO: [ view_parse ] --END-- [ RunTime:0.006563s ]
INFO: [ view_filter ] --START--
INFO: Run Behavior\WriteHtmlCacheBehavior [ RunTime:0.000247s ]
INFO: [ view_filter ] --END-- [ RunTime:0.000294s ]
INFO: [ app_end ] --START--
INFO: Run Behavior\ShowPageTraceBehavior [ RunTime:0.000500s ]
INFO: [ app_end ] --END-- [ RunTime:0.000552s ]

[ 2016-05-16T19:40:08+08:00 ] 127.0.0.1 /Home/Cart/getCart
INFO: [ app_init ] --START--
INFO: Run Behavior\BuildLiteBehavior [ RunTime:0.000015s ]
INFO: [ app_init ] --END-- [ RunTime:0.000380s ]
INFO: [ app_begin ] --START--
INFO: Run Behavior\ReadHtmlCacheBehavior [ RunTime:0.000599s ]
INFO: [ app_begin ] --END-- [ RunTime:0.000680s ]
SQL: SHOW COLUMNS FROM `cart` [ RunTime:0.0044s ]
SQL: SELECT * FROM `cart` WHERE ( uid = "3" )  [ RunTime:0.0004s ]
SQL: SELECT COUNT(*) AS tp_count FROM `cart` WHERE ( uid = "3" ) LIMIT 1   [ RunTime:0.0003s ]
SQL: SELECT * FROM `cart` WHERE ( uid = "3" ) ORDER BY sid LIMIT 0,3   [ RunTime:0.0004s ]
NOTIC: [8] Undefined index: all E:\WNMP\WWW\wenwanhui\Application\Home\Controller\CartController.class.php 第 40 行.
INFO: [ view_parse ] --START--
NOTIC: [2] file_get_contents(./Application/Home/View/Cart/left.html): failed to open stream: No such file or directory E:\WNMP\WWW\wenwanhui\ThinkPHP\Library\Think\Template.class.php 第 696 行.
NOTIC: [2] file_get_contents(./Application/Home/View/Cart/right.html): failed to open stream: No such file or directory E:\WNMP\WWW\wenwanhui\ThinkPHP\Library\Think\Template.class.php 第 696 行.
INFO: [ template_filter ] --START--
INFO: Run Behavior\ContentReplaceBehavior [ RunTime:0.000071s ]
INFO: [ template_filter ] --END-- [ RunTime:0.000131s ]
INFO: Run Behavior\ParseTemplateBehavior [ RunTime:0.010747s ]
INFO: [ view_parse ] --END-- [ RunTime:0.010811s ]
INFO: [ view_filter ] --START--
INFO: Run Behavior\WriteHtmlCacheBehavior [ RunTime:0.000252s ]
INFO: [ view_filter ] --END-- [ RunTime:0.000302s ]
INFO: [ app_end ] --START--
INFO: Run Behavior\ShowPageTraceBehavior [ RunTime:0.000482s ]
INFO: [ app_end ] --END-- [ RunTime:0.000532s ]

[ 2016-05-16T19:40:10+08:00 ] 127.0.0.1 /Home/Cart/delCart/pid/2
INFO: [ app_init ] --START--
INFO: Run Behavior\BuildLiteBehavior [ RunTime:0.000015s ]
INFO: [ app_init ] --END-- [ RunTime:0.000384s ]
INFO: [ app_begin ] --START--
INFO: Run Behavior\ReadHtmlCacheBehavior [ RunTime:0.000483s ]
INFO: [ app_begin ] --END-- [ RunTime:0.000542s ]
SQL: SHOW COLUMNS FROM `cart` [ RunTime:0.0049s ]
SQL: DELETE FROM `cart` WHERE `pid` = 2 AND `uid` = 3 [ RunTime:0.0930s ]
INFO: [ view_parse ] --START--
INFO: [ template_filter ] --START--
INFO: Run Behavior\ContentReplaceBehavior [ RunTime:0.000049s ]
INFO: [ template_filter ] --END-- [ RunTime:0.000127s ]
INFO: Run Behavior\ParseTemplateBehavior [ RunTime:0.006520s ]
INFO: [ view_parse ] --END-- [ RunTime:0.006583s ]
INFO: [ view_filter ] --START--
INFO: Run Behavior\WriteHtmlCacheBehavior [ RunTime:0.000244s ]
INFO: [ view_filter ] --END-- [ RunTime:0.000291s ]
INFO: [ app_end ] --START--
INFO: Run Behavior\ShowPageTraceBehavior [ RunTime:0.000489s ]
INFO: [ app_end ] --END-- [ RunTime:0.000572s ]

[ 2016-05-16T19:40:11+08:00 ] 127.0.0.1 /Home/Cart/getCart
INFO: [ app_init ] --START--
INFO: Run Behavior\BuildLiteBehavior [ RunTime:0.000026s ]
INFO: [ app_init ] --END-- [ RunTime:0.000610s ]
INFO: [ app_begin ] --START--
INFO: Run Behavior\ReadHtmlCacheBehavior [ RunTime:0.000858s ]
INFO: [ app_begin ] --END-- [ RunTime:0.000964s ]
SQL: SHOW COLUMNS FROM `cart` [ RunTime:0.0407s ]
SQL: SELECT * FROM `cart` WHERE ( uid = "3" )  [ RunTime:0.0006s ]
SQL: SELECT COUNT(*) AS tp_count FROM `cart` WHERE ( uid = "3" ) LIMIT 1   [ RunTime:0.0005s ]
SQL: SELECT * FROM `cart` WHERE ( uid = "3" ) ORDER BY sid LIMIT 0,3   [ RunTime:0.0007s ]
NOTIC: [8] Undefined index: all E:\WNMP\WWW\wenwanhui\Application\Home\Controller\CartController.class.php 第 40 行.
INFO: [ view_parse ] --START--
NOTIC: [2] file_get_contents(./Application/Home/View/Cart/left.html): failed to open stream: No such file or directory E:\WNMP\WWW\wenwanhui\ThinkPHP\Library\Think\Template.class.php 第 696 行.
NOTIC: [2] file_get_contents(./Application/Home/View/Cart/right.html): failed to open stream: No such file or directory E:\WNMP\WWW\wenwanhui\ThinkPHP\Library\Think\Template.class.php 第 696 行.
INFO: [ template_filter ] --START--
INFO: Run Behavior\ContentReplaceBehavior [ RunTime:0.000131s ]
INFO: [ template_filter ] --END-- [ RunTime:0.000240s ]
INFO: Run Behavior\ParseTemplateBehavior [ RunTime:0.018733s ]
INFO: [ view_parse ] --END-- [ RunTime:0.018839s ]
INFO: [ view_filter ] --START--
INFO: Run Behavior\WriteHtmlCacheBehavior [ RunTime:0.000459s ]
INFO: [ view_filter ] --END-- [ RunTime:0.000552s ]
INFO: [ app_end ] --START--
INFO: Run Behavior\ShowPageTraceBehavior [ RunTime:0.000889s ]
INFO: [ app_end ] --END-- [ RunTime:0.000988s ]

[ 2016-05-16T19:40:15+08:00 ] 127.0.0.1 /Home/Index/product.shtml
INFO: [ app_init ] --START--
INFO: Run Behavior\BuildLiteBehavior [ RunTime:0.000013s ]
INFO: [ app_init ] --END-- [ RunTime:0.000372s ]
INFO: [ app_begin ] --START--
INFO: Run Behavior\ReadHtmlCacheBehavior [ RunTime:0.000588s ]
INFO: [ app_begin ] --END-- [ RunTime:0.000660s ]
SQL: SHOW COLUMNS FROM `product` [ RunTime:0.0048s ]
NOTIC: [2] Invalid argument supplied for foreach() E:\WNMP\WWW\wenwanhui\ThinkPHP\Library\Think\Db\Driver.class.php 第 504 行.
SQL: SELECT COUNT(*) AS tp_count FROM `product` LIMIT 1   [ RunTime:0.0003s ]
NOTIC: [2] Invalid argument supplied for foreach() E:\WNMP\WWW\wenwanhui\ThinkPHP\Library\Think\Db\Driver.class.php 第 504 行.
SQL: SELECT * FROM `product` ORDER BY pid LIMIT 0,4   [ RunTime:0.0004s ]
INFO: [ view_parse ] --START--
NOTIC: [2] file_get_contents(./Application/Home/View/Index/left.html): failed to open stream: No such file or directory E:\WNMP\WWW\wenwanhui\ThinkPHP\Library\Think\Template.class.php 第 696 行.
NOTIC: [2] file_get_contents(./Application/Home/View/Index/right.html): failed to open stream: No such file or directory E:\WNMP\WWW\wenwanhui\ThinkPHP\Library\Think\Template.class.php 第 696 行.
INFO: [ template_filter ] --START--
INFO: Run Behavior\ContentReplaceBehavior [ RunTime:0.000062s ]
INFO: [ template_filter ] --END-- [ RunTime:0.000122s ]
INFO: Run Behavior\ParseTemplateBehavior [ RunTime:0.074467s ]
INFO: [ view_parse ] --END-- [ RunTime:0.074551s ]
INFO: [ view_filter ] --START--
INFO: Run Behavior\WriteHtmlCacheBehavior [ RunTime:0.000275s ]
INFO: [ view_filter ] --END-- [ RunTime:0.000324s ]
INFO: [ app_end ] --START--
INFO: Run Behavior\ShowPageTraceBehavior [ RunTime:0.000653s ]
INFO: [ app_end ] --END-- [ RunTime:0.000734s ]

[ 2016-05-16T19:40:17+08:00 ] 127.0.0.1 /Home/Cart/addCart
INFO: [ app_init ] --START--
INFO: Run Behavior\BuildLiteBehavior [ RunTime:0.000024s ]
INFO: [ app_init ] --END-- [ RunTime:0.000610s ]
INFO: [ app_begin ] --START--
INFO: Run Behavior\ReadHtmlCacheBehavior [ RunTime:0.000741s ]
INFO: [ app_begin ] --END-- [ RunTime:0.000839s ]
SQL: SHOW COLUMNS FROM `user` [ RunTime:0.0048s ]
SQL: SELECT `uid` FROM `user` WHERE ( username = "dugu" )  [ RunTime:0.0003s ]
SQL: SHOW COLUMNS FROM `product` [ RunTime:0.0048s ]
SQL: SELECT `count` FROM `product` WHERE ( pid = "1" )  [ RunTime:0.0004s ]
NOTIC: [8] Undefined offset: 0 E:\WNMP\WWW\wenwanhui\Application\Home\Controller\CartController.class.php 第 71 行.
INFO: [ view_parse ] --START--
INFO: [ template_filter ] --START--
INFO: Run Behavior\ContentReplaceBehavior [ RunTime:0.000067s ]
INFO: [ template_filter ] --END-- [ RunTime:0.000170s ]
INFO: Run Behavior\ParseTemplateBehavior [ RunTime:0.009495s ]
INFO: [ view_parse ] --END-- [ RunTime:0.009613s ]
INFO: [ view_filter ] --START--
INFO: Run Behavior\WriteHtmlCacheBehavior [ RunTime:0.000343s ]
INFO: [ view_filter ] --END-- [ RunTime:0.000409s ]

[ 2016-05-16T19:40:18+08:00 ] 127.0.0.1 /Home/Index/product.shtml
INFO: [ app_init ] --START--
INFO: Run Behavior\BuildLiteBehavior [ RunTime:0.000016s ]
INFO: [ app_init ] --END-- [ RunTime:0.000442s ]
INFO: [ app_begin ] --START--
INFO: Run Behavior\ReadHtmlCacheBehavior [ RunTime:0.000529s ]
INFO: [ app_begin ] --END-- [ RunTime:0.000592s ]
SQL: SHOW COLUMNS FROM `product` [ RunTime:0.0046s ]
NOTIC: [2] Invalid argument supplied for foreach() E:\WNMP\WWW\wenwanhui\ThinkPHP\Library\Think\Db\Driver.class.php 第 504 行.
SQL: SELECT COUNT(*) AS tp_count FROM `product` LIMIT 1   [ RunTime:0.0002s ]
NOTIC: [2] Invalid argument supplied for foreach() E:\WNMP\WWW\wenwanhui\ThinkPHP\Library\Think\Db\Driver.class.php 第 504 行.
SQL: SELECT * FROM `product` ORDER BY pid LIMIT 0,4   [ RunTime:0.0003s ]
INFO: [ view_parse ] --START--
NOTIC: [2] file_get_contents(./Application/Home/View/Index/left.html): failed to open stream: No such file or directory E:\WNMP\WWW\wenwanhui\ThinkPHP\Library\Think\Template.class.php 第 696 行.
NOTIC: [2] file_get_contents(./Application/Home/View/Index/right.html): failed to open stream: No such file or directory E:\WNMP\WWW\wenwanhui\ThinkPHP\Library\Think\Template.class.php 第 696 行.
INFO: [ template_filter ] --START--
INFO: Run Behavior\ContentReplaceBehavior [ RunTime:0.000066s ]
INFO: [ template_filter ] --END-- [ RunTime:0.000132s ]
INFO: Run Behavior\ParseTemplateBehavior [ RunTime:0.010831s ]
INFO: [ view_parse ] --END-- [ RunTime:0.010908s ]
INFO: [ view_filter ] --START--
INFO: Run Behavior\WriteHtmlCacheBehavior [ RunTime:0.000252s ]
INFO: [ view_filter ] --END-- [ RunTime:0.000301s ]
INFO: [ app_end ] --START--
INFO: Run Behavior\ShowPageTraceBehavior [ RunTime:0.000637s ]
INFO: [ app_end ] --END-- [ RunTime:0.000712s ]

[ 2016-05-16T19:40:21+08:00 ] 127.0.0.1 /Home/Index/index.shtml
INFO: [ app_init ] --START--
INFO: Run Behavior\BuildLiteBehavior [ RunTime:0.000017s ]
INFO: [ app_init ] --END-- [ RunTime:0.000411s ]
INFO: [ app_begin ] --START--
INFO: Run Behavior\ReadHtmlCacheBehavior [ RunTime:0.000515s ]
INFO: [ app_begin ] --END-- [ RunTime:0.000579s ]
SQL: SHOW COLUMNS FROM `product` [ RunTime:0.0059s ]
NOTIC: [2] Invalid argument supplied for foreach() E:\WNMP\WWW\wenwanhui\ThinkPHP\Library\Think\Db\Driver.class.php 第 504 行.
SQL: SELECT * FROM `product` ORDER BY date LIMIT 4   [ RunTime:0.0004s ]
INFO: [ view_parse ] --START--
NOTIC: [2] file_get_contents(./Application/Home/View/Index/left.html): failed to open stream: No such file or directory E:\WNMP\WWW\wenwanhui\ThinkPHP\Library\Think\Template.class.php 第 696 行.
NOTIC: [2] file_get_contents(./Application/Home/View/Index/right.html): failed to open stream: No such file or directory E:\WNMP\WWW\wenwanhui\ThinkPHP\Library\Think\Template.class.php 第 696 行.
INFO: [ template_filter ] --START--
INFO: Run Behavior\ContentReplaceBehavior [ RunTime:0.000068s ]
INFO: [ template_filter ] --END-- [ RunTime:0.000125s ]
INFO: Run Behavior\ParseTemplateBehavior [ RunTime:0.037642s ]
INFO: [ view_parse ] --END-- [ RunTime:0.037713s ]
INFO: [ view_filter ] --START--
INFO: Run Behavior\WriteHtmlCacheBehavior [ RunTime:0.000262s ]
INFO: [ view_filter ] --END-- [ RunTime:0.000312s ]
INFO: [ app_end ] --START--
INFO: Run Behavior\ShowPageTraceBehavior [ RunTime:0.000649s ]
INFO: [ app_end ] --END-- [ RunTime:0.000728s ]

[ 2016-05-16T19:40:22+08:00 ] 127.0.0.1 /Home/Cart/getCart.shtml
INFO: [ app_init ] --START--
INFO: Run Behavior\BuildLiteBehavior [ RunTime:0.000017s ]
INFO: [ app_init ] --END-- [ RunTime:0.000436s ]
INFO: [ app_begin ] --START--
INFO: Run Behavior\ReadHtmlCacheBehavior [ RunTime:0.000986s ]
INFO: [ app_begin ] --END-- [ RunTime:0.001109s ]
SQL: SHOW COLUMNS FROM `cart` [ RunTime:0.0055s ]
SQL: SELECT * FROM `cart` WHERE ( uid = "3" )  [ RunTime:0.0004s ]
SQL: SELECT COUNT(*) AS tp_count FROM `cart` WHERE ( uid = "3" ) LIMIT 1   [ RunTime:0.0003s ]
SQL: SELECT * FROM `cart` WHERE ( uid = "3" ) ORDER BY sid LIMIT 0,3   [ RunTime:0.0005s ]
NOTIC: [8] Undefined index: all E:\WNMP\WWW\wenwanhui\Application\Home\Controller\CartController.class.php 第 40 行.
INFO: [ view_parse ] --START--
NOTIC: [2] file_get_contents(./Application/Home/View/Cart/left.html): failed to open stream: No such file or directory E:\WNMP\WWW\wenwanhui\ThinkPHP\Library\Think\Template.class.php 第 696 行.
NOTIC: [2] file_get_contents(./Application/Home/View/Cart/right.html): failed to open stream: No such file or directory E:\WNMP\WWW\wenwanhui\ThinkPHP\Library\Think\Template.class.php 第 696 行.
INFO: [ template_filter ] --START--
INFO: Run Behavior\ContentReplaceBehavior [ RunTime:0.000081s ]
INFO: [ template_filter ] --END-- [ RunTime:0.000149s ]
INFO: Run Behavior\ParseTemplateBehavior [ RunTime:0.012752s ]
INFO: [ view_parse ] --END-- [ RunTime:0.012859s ]
INFO: [ view_filter ] --START--
INFO: Run Behavior\WriteHtmlCacheBehavior [ RunTime:0.000537s ]
INFO: [ view_filter ] --END-- [ RunTime:0.000622s ]
INFO: [ app_end ] --START--
INFO: Run Behavior\ShowPageTraceBehavior [ RunTime:0.000791s ]
INFO: [ app_end ] --END-- [ RunTime:0.000968s ]

[ 2016-05-16T19:40:34+08:00 ] 127.0.0.1 /Home/Index/index.shtml
INFO: [ app_init ] --START--
INFO: Run Behavior\BuildLiteBehavior [ RunTime:0.000016s ]
INFO: [ app_init ] --END-- [ RunTime:0.000421s ]
INFO: [ app_begin ] --START--
INFO: Run Behavior\ReadHtmlCacheBehavior [ RunTime:0.000488s ]
INFO: [ app_begin ] --END-- [ RunTime:0.000547s ]
SQL: SHOW COLUMNS FROM `product` [ RunTime:0.0052s ]
NOTIC: [2] Invalid argument supplied for foreach() E:\WNMP\WWW\wenwanhui\ThinkPHP\Library\Think\Db\Driver.class.php 第 504 行.
SQL: SELECT * FROM `product` ORDER BY date LIMIT 4   [ RunTime:0.0004s ]
INFO: [ view_parse ] --START--
NOTIC: [2] file_get_contents(./Application/Home/View/Index/left.html): failed to open stream: No such file or directory E:\WNMP\WWW\wenwanhui\ThinkPHP\Library\Think\Template.class.php 第 696 行.
NOTIC: [2] file_get_contents(./Application/Home/View/Index/right.html): failed to open stream: No such file or directory E:\WNMP\WWW\wenwanhui\ThinkPHP\Library\Think\Template.class.php 第 696 行.
INFO: [ template_filter ] --START--
INFO: Run Behavior\ContentReplaceBehavior [ RunTime:0.000073s ]
INFO: [ template_filter ] --END-- [ RunTime:0.000165s ]
INFO: Run Behavior\ParseTemplateBehavior [ RunTime:0.011819s ]
INFO: [ view_parse ] --END-- [ RunTime:0.011889s ]
INFO: [ view_filter ] --START--
INFO: Run Behavior\WriteHtmlCacheBehavior [ RunTime:0.000316s ]
INFO: [ view_filter ] --END-- [ RunTime:0.000368s ]
INFO: [ app_end ] --START--
INFO: Run Behavior\ShowPageTraceBehavior [ RunTime:0.000848s ]
INFO: [ app_end ] --END-- [ RunTime:0.000944s ]

[ 2016-05-16T19:40:38+08:00 ] 127.0.0.1 /Home/Index/index.shtml
INFO: [ app_init ] --START--
INFO: Run Behavior\BuildLiteBehavior [ RunTime:0.000016s ]
INFO: [ app_init ] --END-- [ RunTime:0.000395s ]
INFO: [ app_begin ] --START--
INFO: Run Behavior\ReadHtmlCacheBehavior [ RunTime:0.000607s ]
INFO: [ app_begin ] --END-- [ RunTime:0.000723s ]
SQL: SHOW COLUMNS FROM `product` [ RunTime:0.0052s ]
NOTIC: [2] Invalid argument supplied for foreach() E:\WNMP\WWW\wenwanhui\ThinkPHP\Library\Think\Db\Driver.class.php 第 504 行.
SQL: SELECT * FROM `product` ORDER BY date LIMIT 4   [ RunTime:0.0004s ]
INFO: [ view_parse ] --START--
NOTIC: [2] file_get_contents(./Application/Home/View/Index/left.html): failed to open stream: No such file or directory E:\WNMP\WWW\wenwanhui\ThinkPHP\Library\Think\Template.class.php 第 696 行.
NOTIC: [2] file_get_contents(./Application/Home/View/Index/right.html): failed to open stream: No such file or directory E:\WNMP\WWW\wenwanhui\ThinkPHP\Library\Think\Template.class.php 第 696 行.
INFO: [ template_filter ] --START--
INFO: Run Behavior\ContentReplaceBehavior [ RunTime:0.000105s ]
INFO: [ template_filter ] --END-- [ RunTime:0.000204s ]
INFO: Run Behavior\ParseTemplateBehavior [ RunTime:0.034181s ]
INFO: [ view_parse ] --END-- [ RunTime:0.034253s ]
INFO: [ view_filter ] --START--
INFO: Run Behavior\WriteHtmlCacheBehavior [ RunTime:0.000258s ]
INFO: [ view_filter ] --END-- [ RunTime:0.000308s ]
INFO: [ app_end ] --START--
INFO: Run Behavior\ShowPageTraceBehavior [ RunTime:0.000640s ]
INFO: [ app_end ] --END-- [ RunTime:0.000721s ]

[ 2016-05-16T19:40:39+08:00 ] 127.0.0.1 /Home/Index/product.shtml
INFO: [ app_init ] --START--
INFO: Run Behavior\BuildLiteBehavior [ RunTime:0.000024s ]
INFO: [ app_init ] --END-- [ RunTime:0.000574s ]
INFO: [ app_begin ] --START--
INFO: Run Behavior\ReadHtmlCacheBehavior [ RunTime:0.000820s ]
INFO: [ app_begin ] --END-- [ RunTime:0.000919s ]
SQL: SHOW COLUMNS FROM `product` [ RunTime:0.0053s ]
NOTIC: [2] Invalid argument supplied for foreach() E:\WNMP\WWW\wenwanhui\ThinkPHP\Library\Think\Db\Driver.class.php 第 504 行.
SQL: SELECT COUNT(*) AS tp_count FROM `product` LIMIT 1   [ RunTime:0.0003s ]
NOTIC: [2] Invalid argument supplied for foreach() E:\WNMP\WWW\wenwanhui\ThinkPHP\Library\Think\Db\Driver.class.php 第 504 行.
SQL: SELECT * FROM `product` ORDER BY pid LIMIT 0,4   [ RunTime:0.0003s ]
INFO: [ view_parse ] --START--
NOTIC: [2] file_get_contents(./Application/Home/View/Index/left.html): failed to open stream: No such file or directory E:\WNMP\WWW\wenwanhui\ThinkPHP\Library\Think\Template.class.php 第 696 行.
NOTIC: [2] file_get_contents(./Application/Home/View/Index/right.html): failed to open stream: No such file or directory E:\WNMP\WWW\wenwanhui\ThinkPHP\Library\Think\Template.class.php 第 696 行.
INFO: [ template_filter ] --START--
INFO: Run Behavior\ContentReplaceBehavior [ RunTime:0.000061s ]
INFO: [ template_filter ] --END-- [ RunTime:0.000119s ]
INFO: Run Behavior\ParseTemplateBehavior [ RunTime:0.011141s ]
INFO: [ view_parse ] --END-- [ RunTime:0.011223s ]
INFO: [ view_filter ] --START--
INFO: Run Behavior\WriteHtmlCacheBehavior [ RunTime:0.000255s ]
INFO: [ view_filter ] --END-- [ RunTime:0.000304s ]
INFO: [ app_end ] --START--
INFO: Run Behavior\ShowPageTraceBehavior [ RunTime:0.000644s ]
INFO: [ app_end ] --END-- [ RunTime:0.000724s ]

[ 2016-05-16T19:40:41+08:00 ] 127.0.0.1 /Home/Index/index.shtml
INFO: [ app_init ] --START--
INFO: Run Behavior\BuildLiteBehavior [ RunTime:0.000016s ]
INFO: [ app_init ] --END-- [ RunTime:0.000434s ]
INFO: [ app_begin ] --START--
INFO: Run Behavior\ReadHtmlCacheBehavior [ RunTime:0.000501s ]
INFO: [ app_begin ] --END-- [ RunTime:0.000564s ]
SQL: SHOW COLUMNS FROM `product` [ RunTime:0.0054s ]
NOTIC: [2] Invalid argument supplied for foreach() E:\WNMP\WWW\wenwanhui\ThinkPHP\Library\Think\Db\Driver.class.php 第 504 行.
SQL: SELECT * FROM `product` ORDER BY date LIMIT 4   [ RunTime:0.0005s ]
INFO: [ view_parse ] --START--
NOTIC: [2] file_get_contents(./Application/Home/View/Index/left.html): failed to open stream: No such file or directory E:\WNMP\WWW\wenwanhui\ThinkPHP\Library\Think\Template.class.php 第 696 行.
NOTIC: [2] file_get_contents(./Application/Home/View/Index/right.html): failed to open stream: No such file or directory E:\WNMP\WWW\wenwanhui\ThinkPHP\Library\Think\Template.class.php 第 696 行.
INFO: [ template_filter ] --START--
INFO: Run Behavior\ContentReplaceBehavior [ RunTime:0.000069s ]
INFO: [ template_filter ] --END-- [ RunTime:0.000130s ]
INFO: Run Behavior\ParseTemplateBehavior [ RunTime:0.012113s ]
INFO: [ view_parse ] --END-- [ RunTime:0.012197s ]
INFO: [ view_filter ] --START--
INFO: Run Behavior\WriteHtmlCacheBehavior [ RunTime:0.000316s ]
INFO: [ view_filter ] --END-- [ RunTime:0.000365s ]
INFO: [ app_end ] --START--
INFO: Run Behavior\ShowPageTraceBehavior [ RunTime:0.000532s ]
INFO: [ app_end ] --END-- [ RunTime:0.000609s ]

[ 2016-05-16T19:40:41+08:00 ] 127.0.0.1 /Home/Index/product.shtml
INFO: [ app_init ] --START--
INFO: Run Behavior\BuildLiteBehavior [ RunTime:0.000025s ]
INFO: [ app_init ] --END-- [ RunTime:0.000589s ]
INFO: [ app_begin ] --START--
INFO: Run Behavior\ReadHtmlCacheBehavior [ RunTime:0.000708s ]
INFO: [ app_begin ] --END-- [ RunTime:0.000800s ]
SQL: SHOW COLUMNS FROM `product` [ RunTime:0.0047s ]
NOTIC: [2] Invalid argument supplied for foreach() E:\WNMP\WWW\wenwanhui\ThinkPHP\Library\Think\Db\Driver.class.php 第 504 行.
SQL: SELECT COUNT(*) AS tp_count FROM `product` LIMIT 1   [ RunTime:0.0003s ]
NOTIC: [2] Invalid argument supplied for foreach() E:\WNMP\WWW\wenwanhui\ThinkPHP\Library\Think\Db\Driver.class.php 第 504 行.
SQL: SELECT * FROM `product` ORDER BY pid LIMIT 0,4   [ RunTime:0.0004s ]
INFO: [ view_parse ] --START--
NOTIC: [2] file_get_contents(./Application/Home/View/Index/left.html): failed to open stream: No such file or directory E:\WNMP\WWW\wenwanhui\ThinkPHP\Library\Think\Template.class.php 第 696 行.
NOTIC: [2] file_get_contents(./Application/Home/View/Index/right.html): failed to open stream: No such file or directory E:\WNMP\WWW\wenwanhui\ThinkPHP\Library\Think\Template.class.php 第 696 行.
INFO: [ template_filter ] --START--
INFO: Run Behavior\ContentReplaceBehavior [ RunTime:0.000064s ]
INFO: [ template_filter ] --END-- [ RunTime:0.000129s ]
INFO: Run Behavior\ParseTemplateBehavior [ RunTime:0.010876s ]
INFO: [ view_parse ] --END-- [ RunTime:0.010953s ]
INFO: [ view_filter ] --START--
INFO: Run Behavior\WriteHtmlCacheBehavior [ RunTime:0.000250s ]
INFO: [ view_filter ] --END-- [ RunTime:0.000300s ]
INFO: [ app_end ] --START--
INFO: Run Behavior\ShowPageTraceBehavior [ RunTime:0.000646s ]
INFO: [ app_end ] --END-- [ RunTime:0.000720s ]

[ 2016-05-16T19:41:02+08:00 ] 127.0.0.1 /Home/Index/index.shtml
INFO: [ app_init ] --START--
INFO: Run Behavior\BuildLiteBehavior [ RunTime:0.000014s ]
INFO: [ app_init ] --END-- [ RunTime:0.000382s ]
INFO: [ app_begin ] --START--
INFO: Run Behavior\ReadHtmlCacheBehavior [ RunTime:0.000546s ]
INFO: [ app_begin ] --END-- [ RunTime:0.000607s ]
SQL: SHOW COLUMNS FROM `product` [ RunTime:0.0050s ]
NOTIC: [2] Invalid argument supplied for foreach() E:\WNMP\WWW\wenwanhui\ThinkPHP\Library\Think\Db\Driver.class.php 第 504 行.
SQL: SELECT * FROM `product` ORDER BY date LIMIT 4   [ RunTime:0.0005s ]
INFO: [ view_parse ] --START--
NOTIC: [2] file_get_contents(./Application/Home/View/Index/left.html): failed to open stream: No such file or directory E:\WNMP\WWW\wenwanhui\ThinkPHP\Library\Think\Template.class.php 第 696 行.
NOTIC: [2] file_get_contents(./Application/Home/View/Index/right.html): failed to open stream: No such file or directory E:\WNMP\WWW\wenwanhui\ThinkPHP\Library\Think\Template.class.php 第 696 行.
INFO: [ template_filter ] --START--
INFO: Run Behavior\ContentReplaceBehavior [ RunTime:0.000070s ]
INFO: [ template_filter ] --END-- [ RunTime:0.000133s ]
INFO: Run Behavior\ParseTemplateBehavior [ RunTime:0.011257s ]
INFO: [ view_parse ] --END-- [ RunTime:0.011320s ]
INFO: [ view_filter ] --START--
INFO: Run Behavior\WriteHtmlCacheBehavior [ RunTime:0.000246s ]
INFO: [ view_filter ] --END-- [ RunTime:0.000293s ]
INFO: [ app_end ] --START--
INFO: Run Behavior\ShowPageTraceBehavior [ RunTime:0.000515s ]
INFO: [ app_end ] --END-- [ RunTime:0.000572s ]

[ 2016-05-16T19:41:09+08:00 ] 127.0.0.1 /Home/Index/profile.shtml
INFO: [ app_init ] --START--
INFO: Run Behavior\BuildLiteBehavior [ RunTime:0.000016s ]
INFO: [ app_init ] --END-- [ RunTime:0.000407s ]
INFO: [ app_begin ] --START--
INFO: Run Behavior\ReadHtmlCacheBehavior [ RunTime:0.000518s ]
INFO: [ app_begin ] --END-- [ RunTime:0.000583s ]
SQL: SHOW COLUMNS FROM `user` [ RunTime:0.0057s ]
SQL: SELECT * FROM `user` WHERE ( uid = "3" )  [ RunTime:0.0003s ]
INFO: [ view_parse ] --START--
NOTIC: [2] file_get_contents(./Application/Home/View/Index/left.html): failed to open stream: No such file or directory E:\WNMP\WWW\wenwanhui\ThinkPHP\Library\Think\Template.class.php 第 696 行.
NOTIC: [2] file_get_contents(./Application/Home/View/Index/right.html): failed to open stream: No such file or directory E:\WNMP\WWW\wenwanhui\ThinkPHP\Library\Think\Template.class.php 第 696 行.
INFO: [ template_filter ] --START--
INFO: Run Behavior\ContentReplaceBehavior [ RunTime:0.000101s ]
INFO: [ template_filter ] --END-- [ RunTime:0.000202s ]
INFO: Run Behavior\ParseTemplateBehavior [ RunTime:0.068171s ]
INFO: [ view_parse ] --END-- [ RunTime:0.068248s ]
INFO: [ view_filter ] --START--
INFO: Run Behavior\WriteHtmlCacheBehavior [ RunTime:0.000270s ]
INFO: [ view_filter ] --END-- [ RunTime:0.000323s ]
INFO: [ app_end ] --START--
INFO: Run Behavior\ShowPageTraceBehavior [ RunTime:0.000528s ]
INFO: [ app_end ] --END-- [ RunTime:0.000579s ]

[ 2016-05-16T19:41:11+08:00 ] 127.0.0.1 /Home/Index/index.shtml
INFO: [ app_init ] --START--
INFO: Run Behavior\BuildLiteBehavior [ RunTime:0.000024s ]
INFO: [ app_init ] --END-- [ RunTime:0.000663s ]
INFO: [ app_begin ] --START--
INFO: Run Behavior\ReadHtmlCacheBehavior [ RunTime:0.000734s ]
INFO: [ app_begin ] --END-- [ RunTime:0.000819s ]
SQL: SHOW COLUMNS FROM `product` [ RunTime:0.0059s ]
NOTIC: [2] Invalid argument supplied for foreach() E:\WNMP\WWW\wenwanhui\ThinkPHP\Library\Think\Db\Driver.class.php 第 504 行.
SQL: SELECT * FROM `product` ORDER BY date LIMIT 4   [ RunTime:0.0008s ]
INFO: [ view_parse ] --START--
NOTIC: [2] file_get_contents(./Application/Home/View/Index/left.html): failed to open stream: No such file or directory E:\WNMP\WWW\wenwanhui\ThinkPHP\Library\Think\Template.class.php 第 696 行.
NOTIC: [2] file_get_contents(./Application/Home/View/Index/right.html): failed to open stream: No such file or directory E:\WNMP\WWW\wenwanhui\ThinkPHP\Library\Think\Template.class.php 第 696 行.
INFO: [ template_filter ] --START--
INFO: Run Behavior\ContentReplaceBehavior [ RunTime:0.000072s ]
INFO: [ template_filter ] --END-- [ RunTime:0.000139s ]
INFO: Run Behavior\ParseTemplateBehavior [ RunTime:0.014696s ]
INFO: [ view_parse ] --END-- [ RunTime:0.014778s ]
INFO: [ view_filter ] --START--
INFO: Run Behavior\WriteHtmlCacheBehavior [ RunTime:0.000269s ]
INFO: [ view_filter ] --END-- [ RunTime:0.000320s ]
INFO: [ app_end ] --START--
INFO: Run Behavior\ShowPageTraceBehavior [ RunTime:0.000914s ]
INFO: [ app_end ] --END-- [ RunTime:0.001015s ]

[ 2016-05-16T19:41:14+08:00 ] 127.0.0.1 /Home/Index/search.shtml
INFO: [ app_init ] --START--
INFO: Run Behavior\BuildLiteBehavior [ RunTime:0.000014s ]
INFO: [ app_init ] --END-- [ RunTime:0.000377s ]
INFO: [ app_begin ] --START--
INFO: Run Behavior\ReadHtmlCacheBehavior [ RunTime:0.000488s ]
INFO: [ app_begin ] --END-- [ RunTime:0.000548s ]
INFO: [ view_parse ] --START--
NOTIC: [2] file_get_contents(./Application/Home/View/Index/left.html): failed to open stream: No such file or directory E:\WNMP\WWW\wenwanhui\ThinkPHP\Library\Think\Template.class.php 第 696 行.
NOTIC: [2] file_get_contents(./Application/Home/View/Index/right.html): failed to open stream: No such file or directory E:\WNMP\WWW\wenwanhui\ThinkPHP\Library\Think\Template.class.php 第 696 行.
INFO: [ template_filter ] --START--
INFO: Run Behavior\ContentReplaceBehavior [ RunTime:0.000057s ]
INFO: [ template_filter ] --END-- [ RunTime:0.000117s ]
NOTIC: [8] Undefined variable: page E:\WNMP\WWW\wenwanhui\Application\Runtime\Cache\Home\bf3b4465296514de17e1f8dd92d84602.php 第 90 行.
INFO: Run Behavior\ParseTemplateBehavior [ RunTime:0.035357s ]
INFO: [ view_parse ] --END-- [ RunTime:0.035495s ]
INFO: [ view_filter ] --START--
INFO: Run Behavior\WriteHtmlCacheBehavior [ RunTime:0.000842s ]
INFO: [ view_filter ] --END-- [ RunTime:0.000986s ]
INFO: [ app_end ] --START--
INFO: Run Behavior\ShowPageTraceBehavior [ RunTime:0.001505s ]
INFO: [ app_end ] --END-- [ RunTime:0.001651s ]

[ 2016-05-16T19:41:15+08:00 ] 127.0.0.1 /Home/Index/index.shtml
INFO: [ app_init ] --START--
INFO: Run Behavior\BuildLiteBehavior [ RunTime:0.000016s ]
INFO: [ app_init ] --END-- [ RunTime:0.000397s ]
INFO: [ app_begin ] --START--
INFO: Run Behavior\ReadHtmlCacheBehavior [ RunTime:0.000529s ]
INFO: [ app_begin ] --END-- [ RunTime:0.000598s ]
SQL: SHOW COLUMNS FROM `product` [ RunTime:0.0053s ]
NOTIC: [2] Invalid argument supplied for foreach() E:\WNMP\WWW\wenwanhui\ThinkPHP\Library\Think\Db\Driver.class.php 第 504 行.
SQL: SELECT * FROM `product` ORDER BY date LIMIT 4   [ RunTime:0.0004s ]
INFO: [ view_parse ] --START--
NOTIC: [2] file_get_contents(./Application/Home/View/Index/left.html): failed to open stream: No such file or directory E:\WNMP\WWW\wenwanhui\ThinkPHP\Library\Think\Template.class.php 第 696 行.
NOTIC: [2] file_get_contents(./Application/Home/View/Index/right.html): failed to open stream: No such file or directory E:\WNMP\WWW\wenwanhui\ThinkPHP\Library\Think\Template.class.php 第 696 行.
INFO: [ template_filter ] --START--
INFO: Run Behavior\ContentReplaceBehavior [ RunTime:0.000067s ]
INFO: [ template_filter ] --END-- [ RunTime:0.000123s ]
INFO: Run Behavior\ParseTemplateBehavior [ RunTime:0.011296s ]
INFO: [ view_parse ] --END-- [ RunTime:0.011386s ]
INFO: [ view_filter ] --START--
INFO: Run Behavior\WriteHtmlCacheBehavior [ RunTime:0.000423s ]
INFO: [ view_filter ] --END-- [ RunTime:0.000487s ]
INFO: [ app_end ] --START--
INFO: Run Behavior\ShowPageTraceBehavior [ RunTime:0.000669s ]
INFO: [ app_end ] --END-- [ RunTime:0.000769s ]

[ 2016-05-16T19:41:23+08:00 ] 127.0.0.1 /Home/Index/search.shtml
INFO: [ app_init ] --START--
INFO: Run Behavior\BuildLiteBehavior [ RunTime:0.000015s ]
INFO: [ app_init ] --END-- [ RunTime:0.000386s ]
INFO: [ app_begin ] --START--
INFO: Run Behavior\ReadHtmlCacheBehavior [ RunTime:0.000487s ]
INFO: [ app_begin ] --END-- [ RunTime:0.000546s ]
INFO: [ view_parse ] --START--
NOTIC: [2] file_get_contents(./Application/Home/View/Index/left.html): failed to open stream: No such file or directory E:\WNMP\WWW\wenwanhui\ThinkPHP\Library\Think\Template.class.php 第 696 行.
NOTIC: [2] file_get_contents(./Application/Home/View/Index/right.html): failed to open stream: No such file or directory E:\WNMP\WWW\wenwanhui\ThinkPHP\Library\Think\Template.class.php 第 696 行.
INFO: [ template_filter ] --START--
INFO: Run Behavior\ContentReplaceBehavior [ RunTime:0.000055s ]
INFO: [ template_filter ] --END-- [ RunTime:0.000113s ]
NOTIC: [8] Undefined variable: page E:\WNMP\WWW\wenwanhui\Application\Runtime\Cache\Home\bf3b4465296514de17e1f8dd92d84602.php 第 90 行.
INFO: Run Behavior\ParseTemplateBehavior [ RunTime:0.008065s ]
INFO: [ view_parse ] --END-- [ RunTime:0.008125s ]
INFO: [ view_filter ] --START--
INFO: Run Behavior\WriteHtmlCacheBehavior [ RunTime:0.000385s ]
INFO: [ view_filter ] --END-- [ RunTime:0.000462s ]
INFO: [ app_end ] --START--
INFO: Run Behavior\ShowPageTraceBehavior [ RunTime:0.000545s ]
INFO: [ app_end ] --END-- [ RunTime:0.000602s ]

[ 2016-05-16T19:41:28+08:00 ] 127.0.0.1 /Home/Index/index.shtml
INFO: [ app_init ] --START--
INFO: Run Behavior\BuildLiteBehavior [ RunTime:0.000030s ]
INFO: [ app_init ] --END-- [ RunTime:0.000724s ]
INFO: [ app_begin ] --START--
INFO: Run Behavior\ReadHtmlCacheBehavior [ RunTime:0.000965s ]
INFO: [ app_begin ] --END-- [ RunTime:0.001094s ]
SQL: SHOW COLUMNS FROM `product` [ RunTime:0.0068s ]
NOTIC: [2] Invalid argument supplied for foreach() E:\WNMP\WWW\wenwanhui\ThinkPHP\Library\Think\Db\Driver.class.php 第 504 行.
SQL: SELECT * FROM `product` ORDER BY date LIMIT 4   [ RunTime:0.0009s ]
INFO: [ view_parse ] --START--
NOTIC: [2] file_get_contents(./Application/Home/View/Index/left.html): failed to open stream: No such file or directory E:\WNMP\WWW\wenwanhui\ThinkPHP\Library\Think\Template.class.php 第 696 行.
NOTIC: [2] file_get_contents(./Application/Home/View/Index/right.html): failed to open stream: No such file or directory E:\WNMP\WWW\wenwanhui\ThinkPHP\Library\Think\Template.class.php 第 696 行.
INFO: [ template_filter ] --START--
INFO: Run Behavior\ContentReplaceBehavior [ RunTime:0.000143s ]
INFO: [ template_filter ] --END-- [ RunTime:0.000272s ]
INFO: Run Behavior\ParseTemplateBehavior [ RunTime:0.021369s ]
INFO: [ view_parse ] --END-- [ RunTime:0.021477s ]
INFO: [ view_filter ] --START--
INFO: Run Behavior\WriteHtmlCacheBehavior [ RunTime:0.000349s ]
INFO: [ view_filter ] --END-- [ RunTime:0.000411s ]
INFO: [ app_end ] --START--
INFO: Run Behavior\ShowPageTraceBehavior [ RunTime:0.001294s ]
INFO: [ app_end ] --END-- [ RunTime:0.001424s ]

[ 2016-05-16T19:41:33+08:00 ] 127.0.0.1 /Home/Index/index.shtml
INFO: [ app_init ] --START--
INFO: Run Behavior\BuildLiteBehavior [ RunTime:0.000014s ]
INFO: [ app_init ] --END-- [ RunTime:0.000390s ]
INFO: [ app_begin ] --START--
INFO: Run Behavior\ReadHtmlCacheBehavior [ RunTime:0.000861s ]
INFO: [ app_begin ] --END-- [ RunTime:0.000982s ]
SQL: SHOW COLUMNS FROM `product` [ RunTime:0.0062s ]
NOTIC: [2] Invalid argument supplied for foreach() E:\WNMP\WWW\wenwanhui\ThinkPHP\Library\Think\Db\Driver.class.php 第 504 行.
SQL: SELECT * FROM `product` ORDER BY date LIMIT 4   [ RunTime:0.0006s ]
INFO: [ view_parse ] --START--
NOTIC: [2] file_get_contents(./Application/Home/View/Index/left.html): failed to open stream: No such file or directory E:\WNMP\WWW\wenwanhui\ThinkPHP\Library\Think\Template.class.php 第 696 行.
NOTIC: [2] file_get_contents(./Application/Home/View/Index/right.html): failed to open stream: No such file or directory E:\WNMP\WWW\wenwanhui\ThinkPHP\Library\Think\Template.class.php 第 696 行.
INFO: [ template_filter ] --START--
INFO: Run Behavior\ContentReplaceBehavior [ RunTime:0.000110s ]
INFO: [ template_filter ] --END-- [ RunTime:0.000215s ]
INFO: Run Behavior\ParseTemplateBehavior [ RunTime:0.017631s ]
INFO: [ view_parse ] --END-- [ RunTime:0.017744s ]
INFO: [ view_filter ] --START--
INFO: Run Behavior\WriteHtmlCacheBehavior [ RunTime:0.000394s ]
INFO: [ view_filter ] --END-- [ RunTime:0.000471s ]
INFO: [ app_end ] --START--
INFO: Run Behavior\ShowPageTraceBehavior [ RunTime:0.000770s ]
INFO: [ app_end ] --END-- [ RunTime:0.000872s ]

