[ 2016-05-18T17:52:14+08:00 ] 127.0.0.1 /Admin/Order/order_list.shtml
INFO: [ app_init ] --START--
INFO: Run Behavior\BuildLiteBehavior [ RunTime:0.000026s ]
INFO: [ app_init ] --END-- [ RunTime:0.001234s ]
INFO: [ app_begin ] --START--
INFO: Run Behavior\ReadHtmlCacheBehavior [ RunTime:0.001485s ]
INFO: [ app_begin ] --END-- [ RunTime:0.001647s ]
INFO: [ view_parse ] --START--
INFO: [ template_filter ] --START--
INFO: Run Behavior\ContentReplaceBehavior [ RunTime:0.010018s ]
INFO: [ template_filter ] --END-- [ RunTime:0.010183s ]
INFO: Run Behavior\ParseTemplateBehavior [ RunTime:0.065015s ]
INFO: [ view_parse ] --END-- [ RunTime:0.065144s ]
INFO: [ view_filter ] --START--
INFO: Run Behavior\WriteHtmlCacheBehavior [ RunTime:0.000811s ]
INFO: [ view_filter ] --END-- [ RunTime:0.000914s ]

[ 2016-05-18T17:52:17+08:00 ] 127.0.0.1 /Admin/Login/login.shtml
INFO: [ app_init ] --START--
INFO: Run Behavior\BuildLiteBehavior [ RunTime:0.000042s ]
INFO: [ app_init ] --END-- [ RunTime:0.001101s ]
INFO: [ app_begin ] --START--
INFO: Run Behavior\ReadHtmlCacheBehavior [ RunTime:0.000733s ]
INFO: [ app_begin ] --END-- [ RunTime:0.000843s ]
INFO: [ view_parse ] --START--
INFO: [ template_filter ] --START--
INFO: Run Behavior\ContentReplaceBehavior [ RunTime:0.000141s ]
INFO: [ template_filter ] --END-- [ RunTime:0.000297s ]
NOTIC: [8] Use of undefined constant verify - assumed 'verify' E:\WNMP\WWW\wenwanhui\Application\Runtime\Cache\Admin\0dfec61edd66f450033aa87c28a760f4.php 第 46 行.
INFO: Run Behavior\ParseTemplateBehavior [ RunTime:0.049091s ]
INFO: [ view_parse ] --END-- [ RunTime:0.049277s ]
INFO: [ view_filter ] --START--
INFO: Run Behavior\WriteHtmlCacheBehavior [ RunTime:0.000634s ]
INFO: [ view_filter ] --END-- [ RunTime:0.000786s ]
INFO: [ app_end ] --START--
INFO: Run Behavior\ShowPageTraceBehavior [ RunTime:0.001701s ]
INFO: [ app_end ] --END-- [ RunTime:0.001861s ]

[ 2016-05-18T17:52:19+08:00 ] 127.0.0.1 /Admin/Login/verify.shtml
INFO: [ app_init ] --START--
INFO: Run Behavior\BuildLiteBehavior [ RunTime:0.000045s ]
INFO: [ app_init ] --END-- [ RunTime:0.001140s ]
INFO: [ app_begin ] --START--
INFO: Run Behavior\ReadHtmlCacheBehavior [ RunTime:0.001327s ]
INFO: [ app_begin ] --END-- [ RunTime:0.001517s ]
INFO: [ app_end ] --START--
INFO: Run Behavior\ShowPageTraceBehavior [ RunTime:0.001431s ]
INFO: [ app_end ] --END-- [ RunTime:0.001635s ]

[ 2016-05-18T17:52:28+08:00 ] 127.0.0.1 /Admin/Login/login.shtml
INFO: [ app_init ] --START--
INFO: Run Behavior\BuildLiteBehavior [ RunTime:0.000030s ]
INFO: [ app_init ] --END-- [ RunTime:0.000699s ]
INFO: [ app_begin ] --START--
INFO: Run Behavior\ReadHtmlCacheBehavior [ RunTime:0.000645s ]
INFO: [ app_begin ] --END-- [ RunTime:0.000729s ]
SQL: SHOW COLUMNS FROM `admin` [ RunTime:0.0666s ]
NOTIC: [8] Undefined index: validate E:\WNMP\WWW\wenwanhui\ThinkPHP\Library\Think\Model.class.php 第 1185 行.
NOTIC: [8] Undefined index: auto E:\WNMP\WWW\wenwanhui\ThinkPHP\Library\Think\Model.class.php 第 1128 行.
NOTIC: [2] call_user_func_array() expects parameter 1 to be a valid callback, function 'fortime' not found or invalid function name E:\WNMP\WWW\wenwanhui\ThinkPHP\Library\Think\Model.class.php 第 1154 行.
SQL: SELECT `aid`,`name`,`passwd`,`last_date`,`last_ip` FROM `admin` WHERE ( name = "admin" and passwd = "0192023a7bbd73250516f069df18b500" ) LIMIT 1   [ RunTime:0.1172s ]
SQL: SHOW COLUMNS FROM `admin` [ RunTime:0.0053s ]
SQL: UPDATE `admin` SET `loginnum`=loginnum+1 WHERE `aid` = 1 [ RunTime:0.1132s ]
SQL: UPDATE `admin` SET `passwd`='0192023a7bbd73250516f069df18b500',`last_date`='2016-05-18 17:52:28',`last_ip`='127.0.0.1' WHERE `aid` = 1 [ RunTime:0.0436s ]
INFO: [ view_parse ] --START--
INFO: [ template_filter ] --START--
INFO: Run Behavior\ContentReplaceBehavior [ RunTime:0.000064s ]
INFO: [ template_filter ] --END-- [ RunTime:0.000152s ]
INFO: Run Behavior\ParseTemplateBehavior [ RunTime:0.009135s ]
INFO: [ view_parse ] --END-- [ RunTime:0.009219s ]
INFO: [ view_filter ] --START--
INFO: Run Behavior\WriteHtmlCacheBehavior [ RunTime:0.000359s ]
INFO: [ view_filter ] --END-- [ RunTime:0.000424s ]
INFO: [ app_end ] --START--
INFO: Run Behavior\ShowPageTraceBehavior [ RunTime:0.000655s ]
INFO: [ app_end ] --END-- [ RunTime:0.000734s ]

[ 2016-05-18T17:52:30+08:00 ] 127.0.0.1 /Admin/Index/index.shtml
INFO: [ app_init ] --START--
INFO: Run Behavior\BuildLiteBehavior [ RunTime:0.000032s ]
INFO: [ app_init ] --END-- [ RunTime:0.000716s ]
INFO: [ app_begin ] --START--
INFO: Run Behavior\ReadHtmlCacheBehavior [ RunTime:0.001260s ]
INFO: [ app_begin ] --END-- [ RunTime:0.001421s ]
SQL: SHOW COLUMNS FROM `admin` [ RunTime:0.0084s ]
SQL: SELECT `name`,`loginnum`,`last_ip`,`last_date` FROM `admin` WHERE ( aid = "1" )  [ RunTime:0.0579s ]
INFO: [ view_parse ] --START--
INFO: [ template_filter ] --START--
INFO: Run Behavior\ContentReplaceBehavior [ RunTime:0.000301s ]
INFO: [ template_filter ] --END-- [ RunTime:0.000457s ]
INFO: Run Behavior\ParseTemplateBehavior [ RunTime:0.164351s ]
INFO: [ view_parse ] --END-- [ RunTime:0.164536s ]
INFO: [ view_filter ] --START--
INFO: Run Behavior\WriteHtmlCacheBehavior [ RunTime:0.000879s ]
INFO: [ view_filter ] --END-- [ RunTime:0.001088s ]
INFO: [ app_end ] --START--
INFO: Run Behavior\ShowPageTraceBehavior [ RunTime:0.002445s ]
INFO: [ app_end ] --END-- [ RunTime:0.002630s ]

[ 2016-05-18T21:22:52+08:00 ] 127.0.0.1 /admin/
INFO: [ app_init ] --START--
INFO: Run Behavior\BuildLiteBehavior [ RunTime:0.000048s ]
INFO: [ app_init ] --END-- [ RunTime:0.006496s ]
INFO: [ app_begin ] --START--
INFO: Run Behavior\ReadHtmlCacheBehavior [ RunTime:0.003058s ]
INFO: [ app_begin ] --END-- [ RunTime:0.003546s ]
INFO: [ view_parse ] --START--
INFO: [ template_filter ] --START--
INFO: Run Behavior\ContentReplaceBehavior [ RunTime:0.015763s ]
INFO: [ template_filter ] --END-- [ RunTime:0.016010s ]
INFO: Run Behavior\ParseTemplateBehavior [ RunTime:0.102722s ]
INFO: [ view_parse ] --END-- [ RunTime:0.103111s ]
INFO: [ view_filter ] --START--
INFO: Run Behavior\WriteHtmlCacheBehavior [ RunTime:0.009694s ]
INFO: [ view_filter ] --END-- [ RunTime:0.009884s ]

[ 2016-05-18T21:22:55+08:00 ] 127.0.0.1 /Admin/Login/login.shtml
INFO: [ app_init ] --START--
INFO: Run Behavior\BuildLiteBehavior [ RunTime:0.000029s ]
INFO: [ app_init ] --END-- [ RunTime:0.000693s ]
INFO: [ app_begin ] --START--
INFO: Run Behavior\ReadHtmlCacheBehavior [ RunTime:0.000908s ]
INFO: [ app_begin ] --END-- [ RunTime:0.001018s ]
INFO: [ view_parse ] --START--
INFO: [ template_filter ] --START--
INFO: Run Behavior\ContentReplaceBehavior [ RunTime:0.000067s ]
INFO: [ template_filter ] --END-- [ RunTime:0.000134s ]
NOTIC: [8] Use of undefined constant verify - assumed 'verify' E:\WNMP\WWW\wenwanhui\Application\Runtime\Cache\Admin\0dfec61edd66f450033aa87c28a760f4.php 第 46 行.
INFO: Run Behavior\ParseTemplateBehavior [ RunTime:0.038051s ]
INFO: [ view_parse ] --END-- [ RunTime:0.038130s ]
INFO: [ view_filter ] --START--
INFO: Run Behavior\WriteHtmlCacheBehavior [ RunTime:0.000372s ]
INFO: [ view_filter ] --END-- [ RunTime:0.000419s ]
INFO: [ app_end ] --START--
INFO: Run Behavior\ShowPageTraceBehavior [ RunTime:0.009528s ]
INFO: [ app_end ] --END-- [ RunTime:0.009599s ]

[ 2016-05-18T21:22:57+08:00 ] 127.0.0.1 /Admin/Login/verify.shtml
INFO: [ app_init ] --START--
INFO: Run Behavior\BuildLiteBehavior [ RunTime:0.000026s ]
INFO: [ app_init ] --END-- [ RunTime:0.000681s ]
INFO: [ app_begin ] --START--
INFO: Run Behavior\ReadHtmlCacheBehavior [ RunTime:0.001172s ]
INFO: [ app_begin ] --END-- [ RunTime:0.001319s ]
INFO: [ app_end ] --START--
INFO: Run Behavior\ShowPageTraceBehavior [ RunTime:0.000981s ]
INFO: [ app_end ] --END-- [ RunTime:0.001113s ]

[ 2016-05-18T21:23:04+08:00 ] 127.0.0.1 /Admin/Login/login.shtml
INFO: [ app_init ] --START--
INFO: Run Behavior\BuildLiteBehavior [ RunTime:0.000024s ]
INFO: [ app_init ] --END-- [ RunTime:0.000639s ]
INFO: [ app_begin ] --START--
INFO: Run Behavior\ReadHtmlCacheBehavior [ RunTime:0.000824s ]
INFO: [ app_begin ] --END-- [ RunTime:0.000930s ]
SQL: SHOW COLUMNS FROM `admin` [ RunTime:0.0857s ]
NOTIC: [8] Undefined index: validate E:\WNMP\WWW\wenwanhui\ThinkPHP\Library\Think\Model.class.php 第 1185 行.

[ 2016-05-18T21:23:13+08:00 ] 127.0.0.1 /Admin/Login/verify.shtml?0.7683329811207702
INFO: [ app_init ] --START--
INFO: Run Behavior\BuildLiteBehavior [ RunTime:0.000031s ]
INFO: [ app_init ] --END-- [ RunTime:0.000879s ]
INFO: [ app_begin ] --START--
INFO: Run Behavior\ReadHtmlCacheBehavior [ RunTime:0.000966s ]
INFO: [ app_begin ] --END-- [ RunTime:0.001183s ]
INFO: [ app_end ] --START--
INFO: Run Behavior\ShowPageTraceBehavior [ RunTime:0.000910s ]
INFO: [ app_end ] --END-- [ RunTime:0.001023s ]

[ 2016-05-18T21:23:14+08:00 ] 127.0.0.1 /Admin/Login/verify.shtml?0.7683329811207702?0.5210514649584851
INFO: [ app_init ] --START--
INFO: Run Behavior\BuildLiteBehavior [ RunTime:0.000015s ]
INFO: [ app_init ] --END-- [ RunTime:0.000378s ]
INFO: [ app_begin ] --START--
INFO: Run Behavior\ReadHtmlCacheBehavior [ RunTime:0.000476s ]
INFO: [ app_begin ] --END-- [ RunTime:0.000536s ]
INFO: [ app_end ] --START--
INFO: Run Behavior\ShowPageTraceBehavior [ RunTime:0.002567s ]
INFO: [ app_end ] --END-- [ RunTime:0.002919s ]

[ 2016-05-18T21:23:19+08:00 ] 127.0.0.1 /Admin/Login/login.shtml
INFO: [ app_init ] --START--
INFO: Run Behavior\BuildLiteBehavior [ RunTime:0.000039s ]
INFO: [ app_init ] --END-- [ RunTime:0.000968s ]
INFO: [ app_begin ] --START--
INFO: Run Behavior\ReadHtmlCacheBehavior [ RunTime:0.001159s ]
INFO: [ app_begin ] --END-- [ RunTime:0.001320s ]
SQL: SHOW COLUMNS FROM `admin` [ RunTime:0.0569s ]
NOTIC: [8] Undefined index: validate E:\WNMP\WWW\wenwanhui\ThinkPHP\Library\Think\Model.class.php 第 1185 行.
NOTIC: [8] Undefined index: auto E:\WNMP\WWW\wenwanhui\ThinkPHP\Library\Think\Model.class.php 第 1128 行.
NOTIC: [2] call_user_func_array() expects parameter 1 to be a valid callback, function 'fortime' not found or invalid function name E:\WNMP\WWW\wenwanhui\ThinkPHP\Library\Think\Model.class.php 第 1154 行.
SQL: SELECT `aid`,`name`,`passwd`,`last_date`,`last_ip` FROM `admin` WHERE ( name = "admin" and passwd = "0192023a7bbd73250516f069df18b500" ) LIMIT 1   [ RunTime:0.0012s ]
SQL: SHOW COLUMNS FROM `admin` [ RunTime:0.0086s ]
SQL: UPDATE `admin` SET `loginnum`=loginnum+1 WHERE `aid` = 1 [ RunTime:0.1310s ]
SQL: UPDATE `admin` SET `passwd`='0192023a7bbd73250516f069df18b500',`last_date`='2016-05-18 21:23:18',`last_ip`='127.0.0.1' WHERE `aid` = 1 [ RunTime:0.0595s ]
INFO: [ view_parse ] --START--
INFO: [ template_filter ] --START--
INFO: Run Behavior\ContentReplaceBehavior [ RunTime:0.000090s ]
INFO: [ template_filter ] --END-- [ RunTime:0.000214s ]
INFO: Run Behavior\ParseTemplateBehavior [ RunTime:0.010386s ]
INFO: [ view_parse ] --END-- [ RunTime:0.010531s ]
INFO: [ view_filter ] --START--
INFO: Run Behavior\WriteHtmlCacheBehavior [ RunTime:0.000454s ]
INFO: [ view_filter ] --END-- [ RunTime:0.000548s ]
INFO: [ app_end ] --START--
INFO: Run Behavior\ShowPageTraceBehavior [ RunTime:0.000888s ]
INFO: [ app_end ] --END-- [ RunTime:0.000985s ]

[ 2016-05-18T21:23:20+08:00 ] 127.0.0.1 /Admin/Index/index.shtml
INFO: [ app_init ] --START--
INFO: Run Behavior\BuildLiteBehavior [ RunTime:0.000037s ]
INFO: [ app_init ] --END-- [ RunTime:0.001010s ]
INFO: [ app_begin ] --START--
INFO: Run Behavior\ReadHtmlCacheBehavior [ RunTime:0.001014s ]
INFO: [ app_begin ] --END-- [ RunTime:0.001132s ]
SQL: SHOW COLUMNS FROM `admin` [ RunTime:0.0060s ]
SQL: SELECT `name`,`loginnum`,`last_ip`,`last_date` FROM `admin` WHERE ( aid = "1" )  [ RunTime:0.0005s ]
INFO: [ view_parse ] --START--
INFO: [ template_filter ] --START--
INFO: Run Behavior\ContentReplaceBehavior [ RunTime:0.000170s ]
INFO: [ template_filter ] --END-- [ RunTime:0.000252s ]
INFO: Run Behavior\ParseTemplateBehavior [ RunTime:0.042648s ]
INFO: [ view_parse ] --END-- [ RunTime:0.042834s ]
INFO: [ view_filter ] --START--
INFO: Run Behavior\WriteHtmlCacheBehavior [ RunTime:0.000923s ]
INFO: [ view_filter ] --END-- [ RunTime:0.001279s ]
INFO: [ app_end ] --START--
INFO: Run Behavior\ShowPageTraceBehavior [ RunTime:0.006302s ]
INFO: [ app_end ] --END-- [ RunTime:0.006526s ]

[ 2016-05-18T21:26:24+08:00 ] 127.0.0.1 /Admin/Index/pro_attr.shtml
INFO: [ app_init ] --START--
INFO: Run Behavior\BuildLiteBehavior [ RunTime:0.000029s ]
INFO: [ app_init ] --END-- [ RunTime:0.000628s ]
INFO: [ app_begin ] --START--
INFO: Run Behavior\ReadHtmlCacheBehavior [ RunTime:0.001167s ]
INFO: [ app_begin ] --END-- [ RunTime:0.001299s ]
SQL: SHOW COLUMNS FROM `product` [ RunTime:0.0053s ]
SQL: SHOW COLUMNS FROM `category` [ RunTime:0.0047s ]
NOTIC: [2] Missing argument 1 for Think\Model::where(), called in E:\WNMP\WWW\wenwanhui\Application\Admin\Controller\IndexController.class.php on line 55 and defined E:\WNMP\WWW\wenwanhui\ThinkPHP\Library\Think\Model.class.php 第 1797 行.
NOTIC: [8] Undefined variable: where E:\WNMP\WWW\wenwanhui\ThinkPHP\Library\Think\Model.class.php 第 1805 行.
NOTIC: [8] Undefined variable: where E:\WNMP\WWW\wenwanhui\ThinkPHP\Library\Think\Model.class.php 第 1808 行.
NOTIC: [8] Undefined variable: where E:\WNMP\WWW\wenwanhui\ThinkPHP\Library\Think\Model.class.php 第 1816 行.
SQL: SELECT `name` FROM `category`  [ RunTime:0.0004s ]
NOTIC: [8] Undefined index: alter E:\WNMP\WWW\wenwanhui\Application\Admin\Controller\IndexController.class.php 第 58 行.
SQL: SELECT * FROM `category` WHERE ( name = "" )  [ RunTime:0.0003s ]
NOTIC: [8] Undefined offset: 0 E:\WNMP\WWW\wenwanhui\Application\Admin\Controller\IndexController.class.php 第 94 行.
NOTIC: [8] Undefined index: attr E:\WNMP\WWW\wenwanhui\Application\Admin\Controller\IndexController.class.php 第 98 行.
NOTIC: [8] Undefined index: attr E:\WNMP\WWW\wenwanhui\Application\Admin\Controller\IndexController.class.php 第 164 行.
INFO: [ view_parse ] --START--
INFO: [ template_filter ] --START--
INFO: Run Behavior\ContentReplaceBehavior [ RunTime:0.000114s ]
INFO: [ template_filter ] --END-- [ RunTime:0.000181s ]
NOTIC: [8] Undefined index: title E:\WNMP\WWW\wenwanhui\Application\Runtime\Cache\Admin\9eff40c64f07f47742013867b03504e1.php 第 185 行.
NOTIC: [8] Undefined index: count E:\WNMP\WWW\wenwanhui\Application\Runtime\Cache\Admin\9eff40c64f07f47742013867b03504e1.php 第 191 行.
NOTIC: [8] Undefined index: price E:\WNMP\WWW\wenwanhui\Application\Runtime\Cache\Admin\9eff40c64f07f47742013867b03504e1.php 第 195 行.
NOTIC: [8] Undefined index: decription E:\WNMP\WWW\wenwanhui\Application\Runtime\Cache\Admin\9eff40c64f07f47742013867b03504e1.php 第 201 行.
NOTIC: [8] Undefined variable: page E:\WNMP\WWW\wenwanhui\Application\Runtime\Cache\Admin\9eff40c64f07f47742013867b03504e1.php 第 224 行.
INFO: Run Behavior\ParseTemplateBehavior [ RunTime:0.057337s ]
INFO: [ view_parse ] --END-- [ RunTime:0.057439s ]
INFO: [ view_filter ] --START--
INFO: Run Behavior\WriteHtmlCacheBehavior [ RunTime:0.000693s ]
INFO: [ view_filter ] --END-- [ RunTime:0.000779s ]
INFO: [ app_end ] --START--
INFO: Run Behavior\ShowPageTraceBehavior [ RunTime:0.000938s ]
INFO: [ app_end ] --END-- [ RunTime:0.001067s ]

[ 2016-05-18T21:26:39+08:00 ] 127.0.0.1 /Admin/Index/pro_list.shtml
INFO: [ app_init ] --START--
INFO: Run Behavior\BuildLiteBehavior [ RunTime:0.000039s ]
INFO: [ app_init ] --END-- [ RunTime:0.000887s ]
INFO: [ app_begin ] --START--
INFO: Run Behavior\ReadHtmlCacheBehavior [ RunTime:0.001179s ]
INFO: [ app_begin ] --END-- [ RunTime:0.001330s ]
SQL: SHOW COLUMNS FROM `product` [ RunTime:0.0081s ]
NOTIC: [2] Invalid argument supplied for foreach() E:\WNMP\WWW\wenwanhui\ThinkPHP\Library\Think\Db\Driver.class.php 第 504 行.
SQL: SELECT COUNT(*) AS tp_count FROM `product` LIMIT 1   [ RunTime:0.1184s ]
NOTIC: [2] Invalid argument supplied for foreach() E:\WNMP\WWW\wenwanhui\ThinkPHP\Library\Think\Db\Driver.class.php 第 504 行.
SQL: SELECT * FROM `product` ORDER BY pid LIMIT 0,4   [ RunTime:0.0005s ]
SQL: SHOW COLUMNS FROM `category` [ RunTime:0.0046s ]
SQL: SELECT `name` FROM `category` WHERE ( cid = "1" )  [ RunTime:0.0003s ]
SQL: SELECT `name` FROM `category` WHERE ( cid = "1" )  [ RunTime:0.0003s ]
SQL: SELECT `name` FROM `category` WHERE ( cid = "1" )  [ RunTime:0.0002s ]
SQL: SELECT `name` FROM `category` WHERE ( cid = "1" )  [ RunTime:0.0003s ]
INFO: [ view_parse ] --START--
INFO: [ template_filter ] --START--
INFO: Run Behavior\ContentReplaceBehavior [ RunTime:0.000250s ]
INFO: [ template_filter ] --END-- [ RunTime:0.000416s ]
INFO: Run Behavior\ParseTemplateBehavior [ RunTime:0.076586s ]
INFO: [ view_parse ] --END-- [ RunTime:0.077124s ]
INFO: [ view_filter ] --START--
INFO: Run Behavior\WriteHtmlCacheBehavior [ RunTime:0.000654s ]
INFO: [ view_filter ] --END-- [ RunTime:0.000897s ]
INFO: [ app_end ] --START--
INFO: Run Behavior\ShowPageTraceBehavior [ RunTime:0.002500s ]
INFO: [ app_end ] --END-- [ RunTime:0.002880s ]

[ 2016-05-18T21:26:40+08:00 ] 127.0.0.1 /Admin/Index/pro_attr.shtml
INFO: [ app_init ] --START--
INFO: Run Behavior\BuildLiteBehavior [ RunTime:0.000027s ]
INFO: [ app_init ] --END-- [ RunTime:0.000710s ]
INFO: [ app_begin ] --START--
INFO: Run Behavior\ReadHtmlCacheBehavior [ RunTime:0.001603s ]
INFO: [ app_begin ] --END-- [ RunTime:0.001776s ]
SQL: SHOW COLUMNS FROM `product` [ RunTime:0.0066s ]
SQL: SHOW COLUMNS FROM `category` [ RunTime:0.0055s ]
NOTIC: [2] Missing argument 1 for Think\Model::where(), called in E:\WNMP\WWW\wenwanhui\Application\Admin\Controller\IndexController.class.php on line 55 and defined E:\WNMP\WWW\wenwanhui\ThinkPHP\Library\Think\Model.class.php 第 1797 行.
NOTIC: [8] Undefined variable: where E:\WNMP\WWW\wenwanhui\ThinkPHP\Library\Think\Model.class.php 第 1805 行.
NOTIC: [8] Undefined variable: where E:\WNMP\WWW\wenwanhui\ThinkPHP\Library\Think\Model.class.php 第 1808 行.
NOTIC: [8] Undefined variable: where E:\WNMP\WWW\wenwanhui\ThinkPHP\Library\Think\Model.class.php 第 1816 行.
SQL: SELECT `name` FROM `category`  [ RunTime:0.0004s ]
NOTIC: [8] Undefined index: attr E:\WNMP\WWW\wenwanhui\Application\Admin\Controller\IndexController.class.php 第 66 行.
NOTIC: [8] Undefined index: attr E:\WNMP\WWW\wenwanhui\Application\Admin\Controller\IndexController.class.php 第 164 行.
INFO: [ view_parse ] --START--
INFO: [ template_filter ] --START--
INFO: Run Behavior\ContentReplaceBehavior [ RunTime:0.000143s ]
INFO: [ template_filter ] --END-- [ RunTime:0.000232s ]
NOTIC: [8] Undefined variable: page E:\WNMP\WWW\wenwanhui\Application\Runtime\Cache\Admin\9eff40c64f07f47742013867b03504e1.php 第 224 行.
INFO: Run Behavior\ParseTemplateBehavior [ RunTime:0.017814s ]
INFO: [ view_parse ] --END-- [ RunTime:0.017950s ]
INFO: [ view_filter ] --START--
INFO: Run Behavior\WriteHtmlCacheBehavior [ RunTime:0.000429s ]
INFO: [ view_filter ] --END-- [ RunTime:0.000495s ]
INFO: [ app_end ] --START--
INFO: Run Behavior\ShowPageTraceBehavior [ RunTime:0.000765s ]
INFO: [ app_end ] --END-- [ RunTime:0.000846s ]

[ 2016-05-18T21:26:43+08:00 ] 127.0.0.1 /Admin/Index/pro_list.shtml
INFO: [ app_init ] --START--
INFO: Run Behavior\BuildLiteBehavior [ RunTime:0.000035s ]
INFO: [ app_init ] --END-- [ RunTime:0.000641s ]
INFO: [ app_begin ] --START--
INFO: Run Behavior\ReadHtmlCacheBehavior [ RunTime:0.001031s ]
INFO: [ app_begin ] --END-- [ RunTime:0.001149s ]
SQL: SHOW COLUMNS FROM `product` [ RunTime:0.0057s ]
NOTIC: [2] Invalid argument supplied for foreach() E:\WNMP\WWW\wenwanhui\ThinkPHP\Library\Think\Db\Driver.class.php 第 504 行.
SQL: SELECT COUNT(*) AS tp_count FROM `product` LIMIT 1   [ RunTime:0.0003s ]
NOTIC: [2] Invalid argument supplied for foreach() E:\WNMP\WWW\wenwanhui\ThinkPHP\Library\Think\Db\Driver.class.php 第 504 行.
SQL: SELECT * FROM `product` ORDER BY pid LIMIT 0,4   [ RunTime:0.0005s ]
SQL: SHOW COLUMNS FROM `category` [ RunTime:0.0066s ]
SQL: SELECT `name` FROM `category` WHERE ( cid = "1" )  [ RunTime:0.0004s ]
SQL: SELECT `name` FROM `category` WHERE ( cid = "1" )  [ RunTime:0.0003s ]
SQL: SELECT `name` FROM `category` WHERE ( cid = "1" )  [ RunTime:0.0002s ]
SQL: SELECT `name` FROM `category` WHERE ( cid = "1" )  [ RunTime:0.0003s ]
INFO: [ view_parse ] --START--
INFO: [ template_filter ] --START--
INFO: Run Behavior\ContentReplaceBehavior [ RunTime:0.000141s ]
INFO: [ template_filter ] --END-- [ RunTime:0.000234s ]
INFO: Run Behavior\ParseTemplateBehavior [ RunTime:0.019926s ]
INFO: [ view_parse ] --END-- [ RunTime:0.020031s ]
INFO: [ view_filter ] --START--
INFO: Run Behavior\WriteHtmlCacheBehavior [ RunTime:0.000424s ]
INFO: [ view_filter ] --END-- [ RunTime:0.000494s ]
INFO: [ app_end ] --START--
INFO: Run Behavior\ShowPageTraceBehavior [ RunTime:0.000907s ]
INFO: [ app_end ] --END-- [ RunTime:0.001014s ]

[ 2016-05-18T21:35:10+08:00 ] 127.0.0.1 /Admin/Message/msg_view.shtml
INFO: [ app_init ] --START--
INFO: Run Behavior\BuildLiteBehavior [ RunTime:0.000017s ]
INFO: [ app_init ] --END-- [ RunTime:0.000510s ]
INFO: [ app_begin ] --START--
INFO: Run Behavior\ReadHtmlCacheBehavior [ RunTime:0.000910s ]
INFO: [ app_begin ] --END-- [ RunTime:0.001016s ]
SQL: SHOW COLUMNS FROM `message` [ RunTime:0.0082s ]
NOTIC: [2] Invalid argument supplied for foreach() E:\WNMP\WWW\wenwanhui\ThinkPHP\Library\Think\Db\Driver.class.php 第 504 行.
SQL: SELECT COUNT(*) AS tp_count FROM `message` LIMIT 1   [ RunTime:0.0008s ]
NOTIC: [2] Invalid argument supplied for foreach() E:\WNMP\WWW\wenwanhui\ThinkPHP\Library\Think\Db\Driver.class.php 第 504 行.
SQL: SELECT * FROM `message` INNER JOIN user on message.uid = user.uid  ORDER BY mid desc LIMIT 0,6   [ RunTime:0.0540s ]
INFO: [ view_parse ] --START--
INFO: [ template_filter ] --START--
INFO: Run Behavior\ContentReplaceBehavior [ RunTime:0.000106s ]
INFO: [ template_filter ] --END-- [ RunTime:0.000186s ]
INFO: Run Behavior\ParseTemplateBehavior [ RunTime:0.036872s ]
INFO: [ view_parse ] --END-- [ RunTime:0.037011s ]
INFO: [ view_filter ] --START--
INFO: Run Behavior\WriteHtmlCacheBehavior [ RunTime:0.000470s ]
INFO: [ view_filter ] --END-- [ RunTime:0.000526s ]
INFO: [ app_end ] --START--
INFO: Run Behavior\ShowPageTraceBehavior [ RunTime:0.000871s ]
INFO: [ app_end ] --END-- [ RunTime:0.000962s ]

[ 2016-05-18T21:35:11+08:00 ] 127.0.0.1 /Admin/Message/msg_manage.shtml
INFO: [ app_init ] --START--
INFO: Run Behavior\BuildLiteBehavior [ RunTime:0.000014s ]
INFO: [ app_init ] --END-- [ RunTime:0.000386s ]
INFO: [ app_begin ] --START--
INFO: Run Behavior\ReadHtmlCacheBehavior [ RunTime:0.000782s ]
INFO: [ app_begin ] --END-- [ RunTime:0.000886s ]
INFO: [ view_parse ] --START--
INFO: [ template_filter ] --START--
INFO: Run Behavior\ContentReplaceBehavior [ RunTime:0.000234s ]
INFO: [ template_filter ] --END-- [ RunTime:0.000522s ]
NOTIC: [8] Undefined variable: msg_list E:\WNMP\WWW\wenwanhui\Application\Runtime\Cache\Admin\190352f7d6c56899598019ff038c17dc.php 第 179 行.
NOTIC: [8] Undefined variable: msg_page E:\WNMP\WWW\wenwanhui\Application\Runtime\Cache\Admin\190352f7d6c56899598019ff038c17dc.php 第 198 行.
INFO: Run Behavior\ParseTemplateBehavior [ RunTime:0.068880s ]
INFO: [ view_parse ] --END-- [ RunTime:0.069165s ]
INFO: [ view_filter ] --START--
INFO: Run Behavior\WriteHtmlCacheBehavior [ RunTime:0.000769s ]
INFO: [ view_filter ] --END-- [ RunTime:0.000953s ]
INFO: [ app_end ] --START--
INFO: Run Behavior\ShowPageTraceBehavior [ RunTime:0.002914s ]
INFO: [ app_end ] --END-- [ RunTime:0.003122s ]

[ 2016-05-18T21:35:13+08:00 ] 127.0.0.1 /Admin/Message/msg_view.shtml
INFO: [ app_init ] --START--
INFO: Run Behavior\BuildLiteBehavior [ RunTime:0.000019s ]
INFO: [ app_init ] --END-- [ RunTime:0.000543s ]
INFO: [ app_begin ] --START--
INFO: Run Behavior\ReadHtmlCacheBehavior [ RunTime:0.001036s ]
INFO: [ app_begin ] --END-- [ RunTime:0.001168s ]
SQL: SHOW COLUMNS FROM `message` [ RunTime:0.0059s ]
NOTIC: [2] Invalid argument supplied for foreach() E:\WNMP\WWW\wenwanhui\ThinkPHP\Library\Think\Db\Driver.class.php 第 504 行.
SQL: SELECT COUNT(*) AS tp_count FROM `message` LIMIT 1   [ RunTime:0.0003s ]
NOTIC: [2] Invalid argument supplied for foreach() E:\WNMP\WWW\wenwanhui\ThinkPHP\Library\Think\Db\Driver.class.php 第 504 行.
SQL: SELECT * FROM `message` INNER JOIN user on message.uid = user.uid  ORDER BY mid desc LIMIT 0,6   [ RunTime:0.0006s ]
INFO: [ view_parse ] --START--
INFO: [ template_filter ] --START--
INFO: Run Behavior\ContentReplaceBehavior [ RunTime:0.000115s ]
INFO: [ template_filter ] --END-- [ RunTime:0.000200s ]
INFO: Run Behavior\ParseTemplateBehavior [ RunTime:0.014755s ]
INFO: [ view_parse ] --END-- [ RunTime:0.014846s ]
INFO: [ view_filter ] --START--
INFO: Run Behavior\WriteHtmlCacheBehavior [ RunTime:0.000334s ]
INFO: [ view_filter ] --END-- [ RunTime:0.000398s ]
INFO: [ app_end ] --START--
INFO: Run Behavior\ShowPageTraceBehavior [ RunTime:0.000779s ]
INFO: [ app_end ] --END-- [ RunTime:0.000864s ]

[ 2016-05-18T21:35:17+08:00 ] 127.0.0.1 /Admin/Message/msg_manage.shtml
INFO: [ app_init ] --START--
INFO: Run Behavior\BuildLiteBehavior [ RunTime:0.000022s ]
INFO: [ app_init ] --END-- [ RunTime:0.000587s ]
INFO: [ app_begin ] --START--
INFO: Run Behavior\ReadHtmlCacheBehavior [ RunTime:0.000937s ]
INFO: [ app_begin ] --END-- [ RunTime:0.001046s ]
INFO: [ view_parse ] --START--
INFO: [ template_filter ] --START--
INFO: Run Behavior\ContentReplaceBehavior [ RunTime:0.000201s ]
INFO: [ template_filter ] --END-- [ RunTime:0.000353s ]
NOTIC: [8] Undefined variable: msg_list E:\WNMP\WWW\wenwanhui\Application\Runtime\Cache\Admin\190352f7d6c56899598019ff038c17dc.php 第 179 行.
NOTIC: [8] Undefined variable: msg_page E:\WNMP\WWW\wenwanhui\Application\Runtime\Cache\Admin\190352f7d6c56899598019ff038c17dc.php 第 198 行.
INFO: Run Behavior\ParseTemplateBehavior [ RunTime:0.018194s ]
INFO: [ view_parse ] --END-- [ RunTime:0.018280s ]
INFO: [ view_filter ] --START--
INFO: Run Behavior\WriteHtmlCacheBehavior [ RunTime:0.000394s ]
INFO: [ view_filter ] --END-- [ RunTime:0.000467s ]
INFO: [ app_end ] --START--
INFO: Run Behavior\ShowPageTraceBehavior [ RunTime:0.001141s ]
INFO: [ app_end ] --END-- [ RunTime:0.001254s ]

[ 2016-05-18T21:35:18+08:00 ] 127.0.0.1 /Admin/Message/msg_view.shtml
INFO: [ app_init ] --START--
INFO: Run Behavior\BuildLiteBehavior [ RunTime:0.000037s ]
INFO: [ app_init ] --END-- [ RunTime:0.000864s ]
INFO: [ app_begin ] --START--
INFO: Run Behavior\ReadHtmlCacheBehavior [ RunTime:0.001031s ]
INFO: [ app_begin ] --END-- [ RunTime:0.001170s ]
SQL: SHOW COLUMNS FROM `message` [ RunTime:0.0072s ]
NOTIC: [2] Invalid argument supplied for foreach() E:\WNMP\WWW\wenwanhui\ThinkPHP\Library\Think\Db\Driver.class.php 第 504 行.
SQL: SELECT COUNT(*) AS tp_count FROM `message` LIMIT 1   [ RunTime:0.0004s ]
NOTIC: [2] Invalid argument supplied for foreach() E:\WNMP\WWW\wenwanhui\ThinkPHP\Library\Think\Db\Driver.class.php 第 504 行.
SQL: SELECT * FROM `message` INNER JOIN user on message.uid = user.uid  ORDER BY mid desc LIMIT 0,6   [ RunTime:0.0010s ]
INFO: [ view_parse ] --START--
INFO: [ template_filter ] --START--
INFO: Run Behavior\ContentReplaceBehavior [ RunTime:0.000152s ]
INFO: [ template_filter ] --END-- [ RunTime:0.000264s ]
INFO: Run Behavior\ParseTemplateBehavior [ RunTime:0.022203s ]
INFO: [ view_parse ] --END-- [ RunTime:0.022345s ]
INFO: [ view_filter ] --START--
INFO: Run Behavior\WriteHtmlCacheBehavior [ RunTime:0.000538s ]
INFO: [ view_filter ] --END-- [ RunTime:0.000645s ]
INFO: [ app_end ] --START--
INFO: Run Behavior\ShowPageTraceBehavior [ RunTime:0.001245s ]
INFO: [ app_end ] --END-- [ RunTime:0.001412s ]

[ 2016-05-18T21:35:21+08:00 ] 127.0.0.1 /Admin/Message/msg_manage.shtml
INFO: [ app_init ] --START--
INFO: Run Behavior\BuildLiteBehavior [ RunTime:0.000053s ]
INFO: [ app_init ] --END-- [ RunTime:0.000785s ]
INFO: [ app_begin ] --START--
INFO: Run Behavior\ReadHtmlCacheBehavior [ RunTime:0.000691s ]
INFO: [ app_begin ] --END-- [ RunTime:0.000784s ]
INFO: [ view_parse ] --START--
INFO: [ template_filter ] --START--
INFO: Run Behavior\ContentReplaceBehavior [ RunTime:0.000119s ]
INFO: [ template_filter ] --END-- [ RunTime:0.000212s ]
NOTIC: [8] Undefined variable: msg_list E:\WNMP\WWW\wenwanhui\Application\Runtime\Cache\Admin\190352f7d6c56899598019ff038c17dc.php 第 179 行.
NOTIC: [8] Undefined variable: msg_page E:\WNMP\WWW\wenwanhui\Application\Runtime\Cache\Admin\190352f7d6c56899598019ff038c17dc.php 第 198 行.
INFO: Run Behavior\ParseTemplateBehavior [ RunTime:0.036445s ]
INFO: [ view_parse ] --END-- [ RunTime:0.036555s ]
INFO: [ view_filter ] --START--
INFO: Run Behavior\WriteHtmlCacheBehavior [ RunTime:0.000504s ]
INFO: [ view_filter ] --END-- [ RunTime:0.000618s ]
INFO: [ app_end ] --START--
INFO: Run Behavior\ShowPageTraceBehavior [ RunTime:0.001444s ]
INFO: [ app_end ] --END-- [ RunTime:0.001668s ]

[ 2016-05-18T21:35:21+08:00 ] 127.0.0.1 /Admin/Message/msg_view.shtml
INFO: [ app_init ] --START--
INFO: Run Behavior\BuildLiteBehavior [ RunTime:0.000029s ]
INFO: [ app_init ] --END-- [ RunTime:0.000682s ]
INFO: [ app_begin ] --START--
INFO: Run Behavior\ReadHtmlCacheBehavior [ RunTime:0.000658s ]
INFO: [ app_begin ] --END-- [ RunTime:0.000737s ]
SQL: SHOW COLUMNS FROM `message` [ RunTime:0.0061s ]
NOTIC: [2] Invalid argument supplied for foreach() E:\WNMP\WWW\wenwanhui\ThinkPHP\Library\Think\Db\Driver.class.php 第 504 行.
SQL: SELECT COUNT(*) AS tp_count FROM `message` LIMIT 1   [ RunTime:0.0004s ]
NOTIC: [2] Invalid argument supplied for foreach() E:\WNMP\WWW\wenwanhui\ThinkPHP\Library\Think\Db\Driver.class.php 第 504 行.
SQL: SELECT * FROM `message` INNER JOIN user on message.uid = user.uid  ORDER BY mid desc LIMIT 0,6   [ RunTime:0.0007s ]
INFO: [ view_parse ] --START--
INFO: [ template_filter ] --START--
INFO: Run Behavior\ContentReplaceBehavior [ RunTime:0.000106s ]
INFO: [ template_filter ] --END-- [ RunTime:0.000179s ]
INFO: Run Behavior\ParseTemplateBehavior [ RunTime:0.032352s ]
INFO: [ view_parse ] --END-- [ RunTime:0.032509s ]
INFO: [ view_filter ] --START--
INFO: Run Behavior\WriteHtmlCacheBehavior [ RunTime:0.000737s ]
INFO: [ view_filter ] --END-- [ RunTime:0.000861s ]
INFO: [ app_end ] --START--
INFO: Run Behavior\ShowPageTraceBehavior [ RunTime:0.001616s ]
INFO: [ app_end ] --END-- [ RunTime:0.001834s ]

[ 2016-05-18T21:35:34+08:00 ] 127.0.0.1 /Admin/Order/order_list.shtml
INFO: [ app_init ] --START--
INFO: Run Behavior\BuildLiteBehavior [ RunTime:0.000027s ]
INFO: [ app_init ] --END-- [ RunTime:0.000668s ]
INFO: [ app_begin ] --START--
INFO: Run Behavior\ReadHtmlCacheBehavior [ RunTime:0.000919s ]
INFO: [ app_begin ] --END-- [ RunTime:0.001046s ]
SQL: SHOW COLUMNS FROM `cart` [ RunTime:0.0064s ]
NOTIC: [2] Invalid argument supplied for foreach() E:\WNMP\WWW\wenwanhui\ThinkPHP\Library\Think\Db\Driver.class.php 第 504 行.
SQL: SELECT COUNT(*) AS tp_count FROM `cart` LIMIT 1   [ RunTime:0.0004s ]
NOTIC: [2] Invalid argument supplied for foreach() E:\WNMP\WWW\wenwanhui\ThinkPHP\Library\Think\Db\Driver.class.php 第 504 行.
SQL: SELECT * FROM `cart` LIMIT 0,6   [ RunTime:0.0005s ]
SQL: SHOW COLUMNS FROM `user` [ RunTime:0.0055s ]
SQL: SELECT `username` FROM `user` WHERE ( uid = "2" )  [ RunTime:0.0004s ]
NOTIC: [2] array_chunk(): Size parameter expected to be greater than 0 E:\WNMP\WWW\wenwanhui\Application\Admin\Controller\OrderController.class.php 第 35 行.
SQL: SELECT `username` FROM `user` WHERE ( uid = "1" )  [ RunTime:0.0003s ]
SQL: SELECT `username` FROM `user` WHERE ( uid = "4" )  [ RunTime:0.0003s ]
SQL: SELECT `username` FROM `user` WHERE ( uid = "4" )  [ RunTime:0.0003s ]
SQL: SELECT `username` FROM `user` WHERE ( uid = "3" )  [ RunTime:0.0003s ]
INFO: [ view_parse ] --START--
INFO: [ template_filter ] --START--
INFO: Run Behavior\ContentReplaceBehavior [ RunTime:0.000310s ]
INFO: [ template_filter ] --END-- [ RunTime:0.000503s ]
NOTIC: [8] Undefined index: name E:\WNMP\WWW\wenwanhui\Application\Runtime\Cache\Admin\fef8c423ec3c67c65a2d8ee18ad16fe2.php 第 192 行.
NOTIC: [8] Undefined index: name E:\WNMP\WWW\wenwanhui\Application\Runtime\Cache\Admin\fef8c423ec3c67c65a2d8ee18ad16fe2.php 第 192 行.
NOTIC: [8] Undefined index: name E:\WNMP\WWW\wenwanhui\Application\Runtime\Cache\Admin\fef8c423ec3c67c65a2d8ee18ad16fe2.php 第 192 行.
NOTIC: [8] Undefined index: name E:\WNMP\WWW\wenwanhui\Application\Runtime\Cache\Admin\fef8c423ec3c67c65a2d8ee18ad16fe2.php 第 192 行.
NOTIC: [8] Undefined index: name E:\WNMP\WWW\wenwanhui\Application\Runtime\Cache\Admin\fef8c423ec3c67c65a2d8ee18ad16fe2.php 第 192 行.
INFO: Run Behavior\ParseTemplateBehavior [ RunTime:0.080524s ]
INFO: [ view_parse ] --END-- [ RunTime:0.080663s ]
INFO: [ view_filter ] --START--
INFO: Run Behavior\WriteHtmlCacheBehavior [ RunTime:0.000703s ]
INFO: [ view_filter ] --END-- [ RunTime:0.000848s ]
INFO: [ app_end ] --START--
INFO: Run Behavior\ShowPageTraceBehavior [ RunTime:0.003836s ]
INFO: [ app_end ] --END-- [ RunTime:0.004021s ]

[ 2016-05-18T21:35:36+08:00 ] 127.0.0.1 /Admin/Order/order_add.shtml
INFO: [ app_init ] --START--
INFO: Run Behavior\BuildLiteBehavior [ RunTime:0.000020s ]
INFO: [ app_init ] --END-- [ RunTime:0.000504s ]
INFO: [ app_begin ] --START--
INFO: Run Behavior\ReadHtmlCacheBehavior [ RunTime:0.000619s ]
INFO: [ app_begin ] --END-- [ RunTime:0.000694s ]
INFO: [ app_end ] --START--
INFO: Run Behavior\ShowPageTraceBehavior [ RunTime:0.000619s ]
INFO: [ app_end ] --END-- [ RunTime:0.000697s ]

[ 2016-05-18T21:35:39+08:00 ] 127.0.0.1 /Admin/Index/pro_list.shtml
INFO: [ app_init ] --START--
INFO: Run Behavior\BuildLiteBehavior [ RunTime:0.000024s ]
INFO: [ app_init ] --END-- [ RunTime:0.000623s ]
INFO: [ app_begin ] --START--
INFO: Run Behavior\ReadHtmlCacheBehavior [ RunTime:0.000702s ]
INFO: [ app_begin ] --END-- [ RunTime:0.000799s ]
SQL: SHOW COLUMNS FROM `product` [ RunTime:0.0068s ]
NOTIC: [2] Invalid argument supplied for foreach() E:\WNMP\WWW\wenwanhui\ThinkPHP\Library\Think\Db\Driver.class.php 第 504 行.
SQL: SELECT COUNT(*) AS tp_count FROM `product` LIMIT 1   [ RunTime:0.0005s ]
NOTIC: [2] Invalid argument supplied for foreach() E:\WNMP\WWW\wenwanhui\ThinkPHP\Library\Think\Db\Driver.class.php 第 504 行.
SQL: SELECT * FROM `product` ORDER BY pid LIMIT 0,4   [ RunTime:0.0006s ]
SQL: SHOW COLUMNS FROM `category` [ RunTime:0.0077s ]
SQL: SELECT `name` FROM `category` WHERE ( cid = "1" )  [ RunTime:0.0004s ]
SQL: SELECT `name` FROM `category` WHERE ( cid = "1" )  [ RunTime:0.0003s ]
SQL: SELECT `name` FROM `category` WHERE ( cid = "1" )  [ RunTime:0.0002s ]
SQL: SELECT `name` FROM `category` WHERE ( cid = "1" )  [ RunTime:0.0003s ]
INFO: [ view_parse ] --START--
INFO: [ template_filter ] --START--
INFO: Run Behavior\ContentReplaceBehavior [ RunTime:0.000172s ]
INFO: [ template_filter ] --END-- [ RunTime:0.000280s ]
INFO: Run Behavior\ParseTemplateBehavior [ RunTime:0.020715s ]
INFO: [ view_parse ] --END-- [ RunTime:0.020821s ]
INFO: [ view_filter ] --START--
INFO: Run Behavior\WriteHtmlCacheBehavior [ RunTime:0.000409s ]
INFO: [ view_filter ] --END-- [ RunTime:0.000488s ]
INFO: [ app_end ] --START--
INFO: Run Behavior\ShowPageTraceBehavior [ RunTime:0.001224s ]
INFO: [ app_end ] --END-- [ RunTime:0.001343s ]

